<?xml version="1.0" encoding="UTF-8"?>
<testsuite xmlns:xsi="http://www.w3.org/2001/XMLSchema-instance" xsi:noNamespaceSchemaLocation="https://maven.apache.org/surefire/maven-surefire-plugin/xsd/surefire-test-report-3.0.xsd" version="3.0" name="TestSuite" time="328.343" tests="24" errors="0" skipped="2" failures="0">
  <properties>
[...]
</properties>
  <testcase name="runScenario[&quot;TS-API-01 - Login API returns valid JWT auth token&quot;, &quot;API - Notes REST API Validation&quot;](1)" classname="com.capstone.runners.TestRunner" time="6.776">
    <system-out><![CDATA[...
... TestNG 7.9.0 by Cédric Beust (cedric@beust.com)
...


@api @api @smoke @TS-API-01
Scenario: TS-API-01 - Login API returns valid JWT auth token # src/test/resources/features/api/api_tests.feature:16
2026-05-27 14:45:08.813 [TestNG-test-Chrome - All Scenarios-1] INFO  com.capstone.hooks.Hooks - ====== SCENARIO START: TS-API-01 - Login API returns valid JWT auth token ======
2026-05-27 14:45:08.819 [TestNG-test-Chrome - All Scenarios-1] INFO  com.capstone.hooks.Hooks - Tags: [@api, @api, @smoke, @TS-API-01]
2026-05-27 14:45:08.822 [TestNG-test-Chrome - All Scenarios-1] INFO  com.capstone.hooks.Hooks - API-only execution matrix detected — skipping browser initialisation
2026-05-27 14:45:08.830 [TestNG-test-Chrome - All Scenarios-1] INFO  com.capstone.config.ConfigReader - Configuration loaded from: config/config.properties
2026-05-27 14:45:08.831 [TestNG-test-Chrome - All Scenarios-1] INFO  com.capstone.api.ApiClient - ApiClient initialised. Base URI: https://practice.expandtesting.com/notes/api
2026-05-27 14:45:08.832 [TestNG-test-Chrome - All Scenarios-1] INFO  com.capstone.stepdefs.ApiStepDefs - STEP: API login with valid credentials
2026-05-27 14:45:08.832 [TestNG-test-Chrome - All Scenarios-1] INFO  com.capstone.api.ApiClient - API Login | email: raunakk@gmail.com
Request method:	POST
Request URI:	https://practice.expandtesting.com/notes/api/users/login
Proxy:			<none>
Request params:	<none>
Query params:	<none>
Form params:	<none>
Path params:	<none>
Headers:		Accept=application/json
				Content-Type=application/json
Cookies:		<none>
Multiparts:		<none>
Body:
{
    "password": "Raunakk",
    "email": "raunakk@gmail.com"
}
HTTP/1.1 200 OK
access-control-allow-origin: *
access-control-allow-credentials: true
access-control-allow-methods: GET, POST, PUT, DELETE, PATCH
access-control-allow-headers: Origin, X-Requested-With, Authorization, Content-Type, Accept, X-Auth-Token
content-type: application/json; charset=utf-8
content-encoding: gzip
etag: W/"da-dshiXA65druo1I3+K8OxNHm30+w"
set-cookie: express:sess=eyJmbGFzaCI6e319; path=/; httponly
set-cookie: express:sess.sig=tdt42nQZiQvICqmrvHQ1_16fHk0; path=/; httponly
date: Wed, 27 May 2026 09:14:27 GMT
connection: keep-alive
keep-alive: timeout=5
transfer-encoding: chunked

{
    "success": true,
    "status": 200,
    "message": "Login successful",
    "data": {
        "id": "6a158ad853916b0295cd3f2f",
        "name": "raunak",
        "email": "raunakk@gmail.com",
        "token": "e3e32df49a024935b32961e3581f610579b123b279b044b8a63303c208ff8cdd"
    }
}
2026-05-27 14:45:13.008 [TestNG-test-Chrome - All Scenarios-1] INFO  com.capstone.api.ApiClient - Login response status: 200 | time: 1785ms
2026-05-27 14:45:13.009 [TestNG-test-Chrome - All Scenarios-1] INFO  com.capstone.utils.PerformanceTracker - PERF API | POST /users/login | 1785ms (threshold: 2000ms) | ✅ PASS
2026-05-27 14:45:13.875 [TestNG-test-Chrome - All Scenarios-1] INFO  com.capstone.api.ApiClient - Auth token extracted successfully (length: 64)
2026-05-27 14:45:13.876 [TestNG-test-Chrome - All Scenarios-1] INFO  com.capstone.stepdefs.ApiStepDefs - Auth token stored successfully
  When the user attempts API login with valid credentials    # com.capstone.stepdefs.ApiStepDefs.theUserAttemptsApiLoginWithValidCredentials()
  Then the API login response status should be 200           # com.capstone.stepdefs.ApiStepDefs.theApiLoginResponseStatusShouldBe(int)
2026-05-27 14:45:13.912 [TestNG-test-Chrome - All Scenarios-1] INFO  com.capstone.api.ApiClient - Auth token extracted successfully (length: 64)
  And the API response should contain a valid auth token     # com.capstone.stepdefs.ApiStepDefs.theApiResponseShouldContainAValidAuthToken()
2026-05-27 14:45:13.915 [TestNG-test-Chrome - All Scenarios-1] INFO  com.capstone.stepdefs.ApiStepDefs - STEP: Then the API response time should be within 4 second(s)
2026-05-27 14:45:13.915 [TestNG-test-Chrome - All Scenarios-1] INFO  com.capstone.utils.PerformanceTracker - PERF API | Response Time Check | 1785ms (threshold: 2000ms) | ✅ PASS
2026-05-27 14:45:13.919 [TestNG-test-Chrome - All Scenarios-1] INFO  com.capstone.stepdefs.ApiStepDefs - Performance PASS: 1785ms < 4000ms
  And the API response time should be within 4 seconds       # com.capstone.stepdefs.ApiStepDefs.theApiResponseTimeShouldBeWithin(int)
2026-05-27 14:45:13.925 [TestNG-test-Chrome - All Scenarios-1] INFO  com.capstone.utils.PerformanceTracker - === PERFORMANCE SUMMARY ===
2026-05-27 14:45:13.925 [TestNG-test-Chrome - All Scenarios-1] INFO  com.capstone.utils.PerformanceTracker - API | POST /users/login | 1785ms | PASS
2026-05-27 14:45:13.925 [TestNG-test-Chrome - All Scenarios-1] INFO  com.capstone.utils.PerformanceTracker - API | Response Time Check | 1785ms | PASS
2026-05-27 14:45:13.925 [TestNG-test-Chrome - All Scenarios-1] INFO  com.capstone.utils.PerformanceTracker - ===========================
2026-05-27 14:45:13.927 [TestNG-test-Chrome - All Scenarios-1] INFO  com.capstone.hooks.Hooks - ====== SCENARIO END: TS-API-01 - Login API returns valid JWT auth token | Status: PASSED ======
]]></system-out>
    <system-err><![CDATA[SLF4J(W): No SLF4J providers were found.
SLF4J(W): Defaulting to no-operation (NOP) logger implementation
SLF4J(W): See https://www.slf4j.org/codes.html#noProviders for further details.
SLF4J(W): Class path contains SLF4J bindings targeting slf4j-api versions 1.7.x or earlier.
SLF4J(W): Ignoring binding found at [jar:file:/C:/Users/RAUNAK/.m2/repository/org/apache/logging/log4j/log4j-slf4j-impl/2.22.1/log4j-slf4j-impl-2.22.1.jar!/org/slf4j/impl/StaticLoggerBinder.class]
SLF4J(W): See https://www.slf4j.org/codes.html#ignoredBindings for an explanation.
]]></system-err>
  </testcase>
  <testcase name="runScenario[&quot;TS-API-03 - GET notes returns list for authenticated user&quot;, &quot;API - Notes REST API Validation&quot;](2)" classname="com.capstone.runners.TestRunner" time="1.166">
    <system-out><![CDATA[
@api @api @smoke @TS-API-03
Scenario: TS-API-03 - GET notes returns list for authenticated user # src/test/resources/features/api/api_tests.feature:27
2026-05-27 14:45:14.064 [TestNG-test-Chrome - All Scenarios-1] INFO  com.capstone.hooks.Hooks - ====== SCENARIO START: TS-API-03 - GET notes returns list for authenticated user ======
2026-05-27 14:45:14.064 [TestNG-test-Chrome - All Scenarios-1] INFO  com.capstone.hooks.Hooks - Tags: [@api, @api, @smoke, @TS-API-03]
2026-05-27 14:45:14.064 [TestNG-test-Chrome - All Scenarios-1] INFO  com.capstone.hooks.Hooks - API-only execution matrix detected — skipping browser initialisation
2026-05-27 14:45:14.065 [TestNG-test-Chrome - All Scenarios-1] INFO  com.capstone.api.ApiClient - ApiClient initialised. Base URI: https://practice.expandtesting.com/notes/api
2026-05-27 14:45:14.066 [TestNG-test-Chrome - All Scenarios-1] INFO  com.capstone.stepdefs.ApiStepDefs - STEP: Given I authenticate via API and store token for subsequent steps
2026-05-27 14:45:14.066 [TestNG-test-Chrome - All Scenarios-1] INFO  com.capstone.api.ApiClient - API Login | email: raunakk@gmail.com
Request method:	POST
Request URI:	https://practice.expandtesting.com/notes/api/users/login
Proxy:			<none>
Request params:	<none>
Query params:	<none>
Form params:	<none>
Path params:	<none>
Headers:		Accept=application/json
				Content-Type=application/json
Cookies:		<none>
Multiparts:		<none>
Body:
{
    "password": "Raunakk",
    "email": "raunakk@gmail.com"
}
HTTP/1.1 200 OK
access-control-allow-origin: *
access-control-allow-credentials: true
access-control-allow-methods: GET, POST, PUT, DELETE, PATCH
access-control-allow-headers: Origin, X-Requested-With, Authorization, Content-Type, Accept, X-Auth-Token
content-type: application/json; charset=utf-8
content-encoding: gzip
etag: W/"da-dshiXA65druo1I3+K8OxNHm30+w"
set-cookie: express:sess=eyJmbGFzaCI6e319; path=/; httponly
set-cookie: express:sess.sig=tdt42nQZiQvICqmrvHQ1_16fHk0; path=/; httponly
date: Wed, 27 May 2026 09:14:29 GMT
connection: keep-alive
keep-alive: timeout=5
transfer-encoding: chunked

{
    "success": true,
    "status": 200,
    "message": "Login successful",
    "data": {
        "id": "6a158ad853916b0295cd3f2f",
        "name": "raunak",
        "email": "raunakk@gmail.com",
        "token": "e3e32df49a024935b32961e3581f610579b123b279b044b8a63303c208ff8cdd"
    }
}
2026-05-27 14:45:14.626 [TestNG-test-Chrome - All Scenarios-1] INFO  com.capstone.api.ApiClient - Login response status: 200 | time: 528ms
2026-05-27 14:45:14.653 [TestNG-test-Chrome - All Scenarios-1] INFO  com.capstone.api.ApiClient - Auth token extracted successfully (length: 64)
2026-05-27 14:45:14.653 [TestNG-test-Chrome - All Scenarios-1] INFO  com.capstone.utils.PerformanceTracker - PERF API | POST /users/login | 528ms (threshold: 2000ms) | ✅ PASS
2026-05-27 14:45:14.654 [TestNG-test-Chrome - All Scenarios-1] INFO  com.capstone.stepdefs.ApiStepDefs - Token stored successfully. Test can now proceed.
  Given I authenticate via API and store the token                  # com.capstone.stepdefs.ApiStepDefs.givenIAuthenticateViaApiAndStoreToken()
2026-05-27 14:45:14.656 [TestNG-test-Chrome - All Scenarios-1] INFO  com.capstone.stepdefs.ApiStepDefs - STEP: When I call GET /notes with the auth token
2026-05-27 14:45:14.656 [TestNG-test-Chrome - All Scenarios-1] INFO  com.capstone.api.ApiClient - API GET /notes
Request method:	GET
Request URI:	https://practice.expandtesting.com/notes/api/notes
Proxy:			<none>
Request params:	<none>
Query params:	<none>
Form params:	<none>
Path params:	<none>
Headers:		Accept=application/json
				x-auth-token=e3e32df49a024935b32961e3581f610579b123b279b044b8a63303c208ff8cdd
				Content-Type=application/json
Cookies:		<none>
Multiparts:		<none>
Body:			<none>
HTTP/1.1 200 OK
access-control-allow-origin: *
access-control-allow-credentials: true
access-control-allow-methods: GET, POST, PUT, DELETE, PATCH
access-control-allow-headers: Origin, X-Requested-With, Authorization, Content-Type, Accept, X-Auth-Token
content-type: application/json; charset=utf-8
content-encoding: gzip
etag: W/"48f-TyIjLfUJZX2VaLjihgJoAubwbTI"
set-cookie: express:sess=eyJmbGFzaCI6e319; path=/; httponly
set-cookie: express:sess.sig=tdt42nQZiQvICqmrvHQ1_16fHk0; path=/; httponly
date: Wed, 27 May 2026 09:14:30 GMT
connection: keep-alive
keep-alive: timeout=5
transfer-encoding: chunked

{
    "success": true,
    "status": 200,
    "message": "Notes successfully retrieved",
    "data": [
        {
            "id": "6a168d7953916b0295cdaa87",
            "title": "E2E Sync Test Note",
            "description": "Created in browser - must appear in API",
            "category": "Home",
            "completed": false,
            "created_at": "2026-05-27T06:21:45.586Z",
            "updated_at": "2026-05-27T06:21:45.586Z",
            "user_id": "6a158ad853916b0295cd3f2f"
        },
        {
            "id": "6a1684e553916b0295cda646",
            "title": "E2E Sync Test Note",
            "description": "Created in browser - must appear in API",
            "category": "Home",
            "completed": false,
            "created_at": "2026-05-27T05:45:09.072Z",
            "updated_at": "2026-05-27T05:45:09.072Z",
            "user_id": "6a158ad853916b0295cd3f2f"
        },
        {
            "id": "6a16827053916b0295cda37f",
            "title": "E2E Sync Test Note",
            "description": "Created in browser - must appear in API",
            "category": "Home",
            "completed": false,
            "created_at": "2026-05-27T05:34:40.749Z",
            "updated_at": "2026-05-27T05:34:40.749Z",
            "user_id": "6a158ad853916b0295cd3f2f"
        },
        {
            "id": "6a167ccf53916b0295cda017",
            "title": "E2E Sync Test Note",
            "description": "Created in browser - must appear in API",
            "category": "Home",
            "completed": false,
            "created_at": "2026-05-27T05:10:39.581Z",
            "updated_at": "2026-05-27T05:10:39.581Z",
            "user_id": "6a158ad853916b0295cd3f2f"
        }
    ]
}
2026-05-27 14:45:15.147 [TestNG-test-Chrome - All Scenarios-1] INFO  com.capstone.utils.PerformanceTracker - PERF API | GET /notes | 441ms (threshold: 2000ms) | ✅ PASS
2026-05-27 14:45:15.147 [TestNG-test-Chrome - All Scenarios-1] INFO  com.capstone.stepdefs.ApiStepDefs - GET /notes response: 200 | time: 441ms
  When I call GET /notes with the auth token                        # com.capstone.stepdefs.ApiStepDefs.iCallGetNotesWithToken()
2026-05-27 14:45:15.150 [TestNG-test-Chrome - All Scenarios-1] INFO  com.capstone.stepdefs.ApiStepDefs - STEP: Then the API response status should be 200
  Then the GET /notes response should be 200                        # com.capstone.stepdefs.ApiStepDefs.theGetNotesResponseShouldBe(int)
2026-05-27 14:45:15.155 [TestNG-test-Chrome - All Scenarios-1] INFO  com.capstone.stepdefs.ApiStepDefs - STEP: Then the response should contain a list of notes
2026-05-27 14:45:15.173 [TestNG-test-Chrome - All Scenarios-1] INFO  com.capstone.stepdefs.ApiStepDefs - Notes list returned with 4 items
  And the response should contain a list of notes                   # com.capstone.stepdefs.ApiStepDefs.theResponseShouldContainAListOfNotes()
2026-05-27 14:45:15.176 [TestNG-test-Chrome - All Scenarios-1] INFO  com.capstone.stepdefs.ApiStepDefs - STEP: Then the API response time should be within 4 second(s)
2026-05-27 14:45:15.177 [TestNG-test-Chrome - All Scenarios-1] INFO  com.capstone.utils.PerformanceTracker - PERF API | Response Time Check | 441ms (threshold: 2000ms) | ✅ PASS
2026-05-27 14:45:15.177 [TestNG-test-Chrome - All Scenarios-1] INFO  com.capstone.stepdefs.ApiStepDefs - Performance PASS: 441ms < 4000ms
  And the API response time should be within 4 seconds              # com.capstone.stepdefs.ApiStepDefs.theApiResponseTimeShouldBeWithin(int)
2026-05-27 14:45:15.180 [TestNG-test-Chrome - All Scenarios-1] INFO  com.capstone.utils.PerformanceTracker - === PERFORMANCE SUMMARY ===
2026-05-27 14:45:15.180 [TestNG-test-Chrome - All Scenarios-1] INFO  com.capstone.utils.PerformanceTracker - API | POST /users/login | 528ms | PASS
2026-05-27 14:45:15.180 [TestNG-test-Chrome - All Scenarios-1] INFO  com.capstone.utils.PerformanceTracker - API | GET /notes | 441ms | PASS
2026-05-27 14:45:15.180 [TestNG-test-Chrome - All Scenarios-1] INFO  com.capstone.utils.PerformanceTracker - API | Response Time Check | 441ms | PASS
2026-05-27 14:45:15.180 [TestNG-test-Chrome - All Scenarios-1] INFO  com.capstone.utils.PerformanceTracker - ===========================
2026-05-27 14:45:15.181 [TestNG-test-Chrome - All Scenarios-1] INFO  com.capstone.hooks.Hooks - ====== SCENARIO END: TS-API-03 - GET notes returns list for authenticated user | Status: PASSED ======
]]></system-out>
  </testcase>
  <testcase name="runScenario[&quot;TS-API-02 - Create note via API and verify it appears in GET notes&quot;, &quot;API - Notes REST API Validation&quot;](3)" classname="com.capstone.runners.TestRunner" time="5.065">
    <system-out><![CDATA[
@api @api @TS-API-02
Scenario: TS-API-02 - Create note via API and verify it appears in GET notes                                                               # src/test/resources/features/api/api_tests.feature:39
2026-05-27 14:45:15.200 [TestNG-test-Chrome - All Scenarios-1] INFO  com.capstone.hooks.Hooks - ====== SCENARIO START: TS-API-02 - Create note via API and verify it appears in GET notes ======
2026-05-27 14:45:15.201 [TestNG-test-Chrome - All Scenarios-1] INFO  com.capstone.hooks.Hooks - Tags: [@api, @api, @TS-API-02]
2026-05-27 14:45:15.201 [TestNG-test-Chrome - All Scenarios-1] INFO  com.capstone.hooks.Hooks - API-only execution matrix detected — skipping browser initialisation
2026-05-27 14:45:15.202 [TestNG-test-Chrome - All Scenarios-1] INFO  com.capstone.api.ApiClient - ApiClient initialised. Base URI: https://practice.expandtesting.com/notes/api
2026-05-27 14:45:15.202 [TestNG-test-Chrome - All Scenarios-1] INFO  com.capstone.stepdefs.ApiStepDefs - STEP: Given I authenticate via API and store token for subsequent steps
2026-05-27 14:45:15.202 [TestNG-test-Chrome - All Scenarios-1] INFO  com.capstone.api.ApiClient - API Login | email: raunakk@gmail.com
Request method:	POST
Request URI:	https://practice.expandtesting.com/notes/api/users/login
Proxy:			<none>
Request params:	<none>
Query params:	<none>
Form params:	<none>
Path params:	<none>
Headers:		Accept=application/json
				Content-Type=application/json
Cookies:		<none>
Multiparts:		<none>
Body:
{
    "password": "Raunakk",
    "email": "raunakk@gmail.com"
}
HTTP/1.1 200 OK
access-control-allow-origin: *
access-control-allow-credentials: true
access-control-allow-methods: GET, POST, PUT, DELETE, PATCH
access-control-allow-headers: Origin, X-Requested-With, Authorization, Content-Type, Accept, X-Auth-Token
content-type: application/json; charset=utf-8
content-encoding: gzip
etag: W/"da-dshiXA65druo1I3+K8OxNHm30+w"
set-cookie: express:sess=eyJmbGFzaCI6e319; path=/; httponly
set-cookie: express:sess.sig=tdt42nQZiQvICqmrvHQ1_16fHk0; path=/; httponly
date: Wed, 27 May 2026 09:14:30 GMT
connection: keep-alive
keep-alive: timeout=5
transfer-encoding: chunked

{
    "success": true,
    "status": 200,
    "message": "Login successful",
    "data": {
        "id": "6a158ad853916b0295cd3f2f",
        "name": "raunak",
        "email": "raunakk@gmail.com",
        "token": "e3e32df49a024935b32961e3581f610579b123b279b044b8a63303c208ff8cdd"
    }
}
2026-05-27 14:45:15.853 [TestNG-test-Chrome - All Scenarios-1] INFO  com.capstone.api.ApiClient - Login response status: 200 | time: 604ms
2026-05-27 14:45:15.868 [TestNG-test-Chrome - All Scenarios-1] INFO  com.capstone.api.ApiClient - Auth token extracted successfully (length: 64)
2026-05-27 14:45:15.868 [TestNG-test-Chrome - All Scenarios-1] INFO  com.capstone.utils.PerformanceTracker - PERF API | POST /users/login | 604ms (threshold: 2000ms) | ✅ PASS
2026-05-27 14:45:15.868 [TestNG-test-Chrome - All Scenarios-1] INFO  com.capstone.stepdefs.ApiStepDefs - Token stored successfully. Test can now proceed.
  Given I authenticate via API and store the token                                                                                         # com.capstone.stepdefs.ApiStepDefs.givenIAuthenticateViaApiAndStoreToken()
2026-05-27 14:45:15.870 [TestNG-test-Chrome - All Scenarios-1] INFO  com.capstone.stepdefs.ApiStepDefs - STEP: When I create a note via API | [Work] API Created Note
2026-05-27 14:45:15.870 [TestNG-test-Chrome - All Scenarios-1] INFO  com.capstone.api.ApiClient - API POST /notes | category: Work | title: API Created Note
Request method:	POST
Request URI:	https://practice.expandtesting.com/notes/api/notes
Proxy:			<none>
Request params:	<none>
Query params:	<none>
Form params:	<none>
Path params:	<none>
Headers:		Accept=application/json
				x-auth-token=e3e32df49a024935b32961e3581f610579b123b279b044b8a63303c208ff8cdd
				Content-Type=application/json
Cookies:		<none>
Multiparts:		<none>
Body:
{
    "description": "Created directly via RestAssured API call",
    "category": "Work",
    "title": "API Created Note"
}
HTTP/1.1 200 OK
access-control-allow-origin: *
access-control-allow-credentials: true
access-control-allow-methods: GET, POST, PUT, DELETE, PATCH
access-control-allow-headers: Origin, X-Requested-With, Authorization, Content-Type, Accept, X-Auth-Token
content-type: application/json; charset=utf-8
content-encoding: gzip
etag: W/"15a-6RHjsWX8eIe1lrnRvqGOikfokLI"
set-cookie: express:sess=eyJmbGFzaCI6e319; path=/; httponly
set-cookie: express:sess.sig=tdt42nQZiQvICqmrvHQ1_16fHk0; path=/; httponly
date: Wed, 27 May 2026 09:14:31 GMT
connection: keep-alive
keep-alive: timeout=5
transfer-encoding: chunked

{
    "success": true,
    "status": 200,
    "message": "Note successfully created",
    "data": {
        "id": "6a16b5f753916b0295cdd037",
        "title": "API Created Note",
        "description": "Created directly via RestAssured API call",
        "category": "Work",
        "completed": false,
        "created_at": "2026-05-27T09:14:31.213Z",
        "updated_at": "2026-05-27T09:14:31.213Z",
        "user_id": "6a158ad853916b0295cd3f2f"
    }
}
2026-05-27 14:45:16.468 [TestNG-test-Chrome - All Scenarios-1] INFO  com.capstone.utils.PerformanceTracker - PERF API | POST /notes | 580ms (threshold: 2000ms) | ✅ PASS
2026-05-27 14:45:16.483 [TestNG-test-Chrome - All Scenarios-1] INFO  com.capstone.stepdefs.ApiStepDefs - Note created via API. ID: 6a16b5f753916b0295cdd037
  When I create a note via API with category "Work", title "API Created Note", and description "Created directly via RestAssured API call" # com.capstone.stepdefs.ApiStepDefs.iCreateANoteViaApi(java.lang.String,java.lang.String,java.lang.String)
2026-05-27 14:45:16.485 [TestNG-test-Chrome - All Scenarios-1] INFO  com.capstone.stepdefs.ApiStepDefs - STEP: Then the API response status should be 200
  Then the API response status should be 200                                                                                               # com.capstone.stepdefs.ApiStepDefs.theApiResponseStatusShouldBe(int)
2026-05-27 14:45:16.487 [TestNG-test-Chrome - All Scenarios-1] INFO  com.capstone.stepdefs.ApiStepDefs - STEP: Then the API response time should be within 4 second(s)
2026-05-27 14:45:16.487 [TestNG-test-Chrome - All Scenarios-1] INFO  com.capstone.utils.PerformanceTracker - PERF API | Response Time Check | 580ms (threshold: 2000ms) | ✅ PASS
2026-05-27 14:45:16.488 [TestNG-test-Chrome - All Scenarios-1] INFO  com.capstone.stepdefs.ApiStepDefs - Performance PASS: 580ms < 4000ms
  And the API response time should be within 4 seconds                                                                                     # com.capstone.stepdefs.ApiStepDefs.theApiResponseTimeShouldBeWithin(int)
2026-05-27 14:45:16.489 [TestNG-test-Chrome - All Scenarios-1] INFO  com.capstone.stepdefs.ApiStepDefs - STEP: When I call GET /notes with the auth token
2026-05-27 14:45:16.490 [TestNG-test-Chrome - All Scenarios-1] INFO  com.capstone.api.ApiClient - API GET /notes
Request method:	GET
Request URI:	https://practice.expandtesting.com/notes/api/notes
Proxy:			<none>
Request params:	<none>
Query params:	<none>
Form params:	<none>
Path params:	<none>
Headers:		Accept=application/json
				x-auth-token=e3e32df49a024935b32961e3581f610579b123b279b044b8a63303c208ff8cdd
				Content-Type=application/json
Cookies:		<none>
Multiparts:		<none>
Body:			<none>
HTTP/1.1 200 OK
access-control-allow-origin: *
access-control-allow-credentials: true
access-control-allow-methods: GET, POST, PUT, DELETE, PATCH
access-control-allow-headers: Origin, X-Requested-With, Authorization, Content-Type, Accept, X-Auth-Token
content-type: application/json; charset=utf-8
content-encoding: gzip
etag: W/"59f-rd6IfPhrkyd6lHD43Q2w2CciVUM"
set-cookie: express:sess=eyJmbGFzaCI6e319; path=/; httponly
set-cookie: express:sess.sig=tdt42nQZiQvICqmrvHQ1_16fHk0; path=/; httponly
date: Wed, 27 May 2026 09:14:33 GMT
connection: keep-alive
keep-alive: timeout=5
transfer-encoding: chunked

{
    "success": true,
    "status": 200,
    "message": "Notes successfully retrieved",
    "data": [
        {
            "id": "6a16b5f753916b0295cdd037",
            "title": "API Created Note",
            "description": "Created directly via RestAssured API call",
            "category": "Work",
            "completed": false,
            "created_at": "2026-05-27T09:14:31.213Z",
            "updated_at": "2026-05-27T09:14:31.213Z",
            "user_id": "6a158ad853916b0295cd3f2f"
        },
        {
            "id": "6a168d7953916b0295cdaa87",
            "title": "E2E Sync Test Note",
            "description": "Created in browser - must appear in API",
            "category": "Home",
            "completed": false,
            "created_at": "2026-05-27T06:21:45.586Z",
            "updated_at": "2026-05-27T06:21:45.586Z",
            "user_id": "6a158ad853916b0295cd3f2f"
        },
        {
            "id": "6a1684e553916b0295cda646",
            "title": "E2E Sync Test Note",
            "description": "Created in browser - must appear in API",
            "category": "Home",
            "completed": false,
            "created_at": "2026-05-27T05:45:09.072Z",
            "updated_at": "2026-05-27T05:45:09.072Z",
            "user_id": "6a158ad853916b0295cd3f2f"
        },
        {
            "id": "6a16827053916b0295cda37f",
            "title": "E2E Sync Test Note",
            "description": "Created in browser - must appear in API",
            "category": "Home",
            "completed": false,
            "created_at": "2026-05-27T05:34:40.749Z",
            "updated_at": "2026-05-27T05:34:40.749Z",
            "user_id": "6a158ad853916b0295cd3f2f"
        },
        {
            "id": "6a167ccf53916b0295cda017",
            "title": "E2E Sync Test Note",
            "description": "Created in browser - must appear in API",
            "category": "Home",
            "completed": false,
            "created_at": "2026-05-27T05:10:39.581Z",
            "updated_at": "2026-05-27T05:10:39.581Z",
            "user_id": "6a158ad853916b0295cd3f2f"
        }
    ]
}
2026-05-27 14:45:18.969 [TestNG-test-Chrome - All Scenarios-1] INFO  com.capstone.utils.PerformanceTracker - PERF API | GET /notes | 2461ms (threshold: 2000ms) | ❌ FAIL
2026-05-27 14:45:18.969 [TestNG-test-Chrome - All Scenarios-1] INFO  com.capstone.stepdefs.ApiStepDefs - GET /notes response: 200 | time: 2461ms
  When I call GET /notes with the auth token                                                                                               # com.capstone.stepdefs.ApiStepDefs.iCallGetNotesWithToken()
2026-05-27 14:45:18.970 [TestNG-test-Chrome - All Scenarios-1] INFO  com.capstone.stepdefs.ApiStepDefs - STEP: Then the API response should contain the created note
2026-05-27 14:45:18.970 [TestNG-test-Chrome - All Scenarios-1] INFO  com.capstone.api.ApiClient - API GET /notes
Request method:	GET
Request URI:	https://practice.expandtesting.com/notes/api/notes
Proxy:			<none>
Request params:	<none>
Query params:	<none>
Form params:	<none>
Path params:	<none>
Headers:		Accept=application/json
				x-auth-token=e3e32df49a024935b32961e3581f610579b123b279b044b8a63303c208ff8cdd
				Content-Type=application/json
Cookies:		<none>
Multiparts:		<none>
Body:			<none>
HTTP/1.1 200 OK
access-control-allow-origin: *
access-control-allow-credentials: true
access-control-allow-methods: GET, POST, PUT, DELETE, PATCH
access-control-allow-headers: Origin, X-Requested-With, Authorization, Content-Type, Accept, X-Auth-Token
content-type: application/json; charset=utf-8
content-encoding: gzip
etag: W/"59f-rd6IfPhrkyd6lHD43Q2w2CciVUM"
set-cookie: express:sess=eyJmbGFzaCI6e319; path=/; httponly
set-cookie: express:sess.sig=tdt42nQZiQvICqmrvHQ1_16fHk0; path=/; httponly
date: Wed, 27 May 2026 09:14:34 GMT
connection: keep-alive
keep-alive: timeout=5
transfer-encoding: chunked

{
    "success": true,
    "status": 200,
    "message": "Notes successfully retrieved",
    "data": [
        {
            "id": "6a16b5f753916b0295cdd037",
            "title": "API Created Note",
            "description": "Created directly via RestAssured API call",
            "category": "Work",
            "completed": false,
            "created_at": "2026-05-27T09:14:31.213Z",
            "updated_at": "2026-05-27T09:14:31.213Z",
            "user_id": "6a158ad853916b0295cd3f2f"
        },
        {
            "id": "6a168d7953916b0295cdaa87",
            "title": "E2E Sync Test Note",
            "description": "Created in browser - must appear in API",
            "category": "Home",
            "completed": false,
            "created_at": "2026-05-27T06:21:45.586Z",
            "updated_at": "2026-05-27T06:21:45.586Z",
            "user_id": "6a158ad853916b0295cd3f2f"
        },
        {
            "id": "6a1684e553916b0295cda646",
            "title": "E2E Sync Test Note",
            "description": "Created in browser - must appear in API",
            "category": "Home",
            "completed": false,
            "created_at": "2026-05-27T05:45:09.072Z",
            "updated_at": "2026-05-27T05:45:09.072Z",
            "user_id": "6a158ad853916b0295cd3f2f"
        },
        {
            "id": "6a16827053916b0295cda37f",
            "title": "E2E Sync Test Note",
            "description": "Created in browser - must appear in API",
            "category": "Home",
            "completed": false,
            "created_at": "2026-05-27T05:34:40.749Z",
            "updated_at": "2026-05-27T05:34:40.749Z",
            "user_id": "6a158ad853916b0295cd3f2f"
        },
        {
            "id": "6a167ccf53916b0295cda017",
            "title": "E2E Sync Test Note",
            "description": "Created in browser - must appear in API",
            "category": "Home",
            "completed": false,
            "created_at": "2026-05-27T05:10:39.581Z",
            "updated_at": "2026-05-27T05:10:39.581Z",
            "user_id": "6a158ad853916b0295cd3f2f"
        }
    ]
}
2026-05-27 14:45:19.548 [TestNG-test-Chrome - All Scenarios-1] INFO  com.capstone.utils.PerformanceTracker - PERF API | GET /notes (verify) | 552ms (threshold: 2000ms) | ✅ PASS
2026-05-27 14:45:19.635 [TestNG-test-Chrome - All Scenarios-1] INFO  com.capstone.stepdefs.ApiStepDefs - Confirmed: note 'API Created Note' exists in API response
  Then the API response should contain the created note                                                                                    # com.capstone.stepdefs.ApiStepDefs.theApiResponseShouldContainTheCreatedNote()
2026-05-27 14:45:19.637 [TestNG-test-Chrome - All Scenarios-1] INFO  com.capstone.stepdefs.ApiStepDefs - STEP: Then the API response time should be within 4 second(s)
2026-05-27 14:45:19.637 [TestNG-test-Chrome - All Scenarios-1] INFO  com.capstone.utils.PerformanceTracker - PERF API | Response Time Check | 2461ms (threshold: 2000ms) | ❌ FAIL
2026-05-27 14:45:19.637 [TestNG-test-Chrome - All Scenarios-1] INFO  com.capstone.stepdefs.ApiStepDefs - Performance PASS: 2461ms < 4000ms
  And the API response time should be within 4 seconds                                                                                     # com.capstone.stepdefs.ApiStepDefs.theApiResponseTimeShouldBeWithin(int)
2026-05-27 14:45:19.638 [TestNG-test-Chrome - All Scenarios-1] INFO  com.capstone.stepdefs.ApiStepDefs - STEP: When I delete the previously created API note
2026-05-27 14:45:19.639 [TestNG-test-Chrome - All Scenarios-1] INFO  com.capstone.api.ApiClient - API DELETE /notes/6a16b5f753916b0295cdd037
Request method:	DELETE
Request URI:	https://practice.expandtesting.com/notes/api/notes/6a16b5f753916b0295cdd037
Proxy:			<none>
Request params:	<none>
Query params:	<none>
Form params:	<none>
Path params:	<none>
Headers:		Accept=application/json
				x-auth-token=e3e32df49a024935b32961e3581f610579b123b279b044b8a63303c208ff8cdd
				Content-Type=application/json
Cookies:		<none>
Multiparts:		<none>
Body:			<none>
HTTP/1.1 200 OK
access-control-allow-origin: *
access-control-allow-credentials: true
access-control-allow-methods: GET, POST, PUT, DELETE, PATCH
access-control-allow-headers: Origin, X-Requested-With, Authorization, Content-Type, Accept, X-Auth-Token
content-type: application/json; charset=utf-8
content-encoding: gzip
etag: W/"43-NRjYUraIosLt+x2lOOhDKG8vqCU"
set-cookie: express:sess=eyJmbGFzaCI6e319; path=/; httponly
set-cookie: express:sess.sig=tdt42nQZiQvICqmrvHQ1_16fHk0; path=/; httponly
date: Wed, 27 May 2026 09:14:34 GMT
connection: keep-alive
keep-alive: timeout=5
transfer-encoding: chunked

{
    "success": true,
    "status": 200,
    "message": "Note successfully deleted"
}
2026-05-27 14:45:20.160 [TestNG-test-Chrome - All Scenarios-1] INFO  com.capstone.utils.PerformanceTracker - PERF API | DELETE /notes/6a16b5f753916b0295cdd037 | 490ms (threshold: 2000ms) | ✅ PASS
  When I delete the previously created API note                                                                                            # com.capstone.stepdefs.ApiStepDefs.iDeleteThePreviouslyCreatedApiNote()
2026-05-27 14:45:20.165 [TestNG-test-Chrome - All Scenarios-1] INFO  com.capstone.stepdefs.ApiStepDefs - STEP: Then the API response status should be 200
  Then the API response status should be 200                                                                                               # com.capstone.stepdefs.ApiStepDefs.theApiResponseStatusShouldBe(int)
2026-05-27 14:45:20.169 [TestNG-test-Chrome - All Scenarios-1] INFO  com.capstone.utils.PerformanceTracker - === PERFORMANCE SUMMARY ===
2026-05-27 14:45:20.169 [TestNG-test-Chrome - All Scenarios-1] INFO  com.capstone.utils.PerformanceTracker - API | POST /users/login | 604ms | PASS
2026-05-27 14:45:20.169 [TestNG-test-Chrome - All Scenarios-1] INFO  com.capstone.utils.PerformanceTracker - API | POST /notes | 580ms | PASS
2026-05-27 14:45:20.169 [TestNG-test-Chrome - All Scenarios-1] INFO  com.capstone.utils.PerformanceTracker - API | Response Time Check | 580ms | PASS
2026-05-27 14:45:20.170 [TestNG-test-Chrome - All Scenarios-1] INFO  com.capstone.utils.PerformanceTracker - API | GET /notes | 2461ms | FAIL
2026-05-27 14:45:20.170 [TestNG-test-Chrome - All Scenarios-1] INFO  com.capstone.utils.PerformanceTracker - API | GET /notes (verify) | 552ms | PASS
2026-05-27 14:45:20.170 [TestNG-test-Chrome - All Scenarios-1] INFO  com.capstone.utils.PerformanceTracker - API | Response Time Check | 2461ms | FAIL
2026-05-27 14:45:20.172 [TestNG-test-Chrome - All Scenarios-1] INFO  com.capstone.utils.PerformanceTracker - API | DELETE /notes/6a16b5f753916b0295cdd037 | 490ms | PASS
2026-05-27 14:45:20.172 [TestNG-test-Chrome - All Scenarios-1] INFO  com.capstone.utils.PerformanceTracker - ===========================
2026-05-27 14:45:20.172 [TestNG-test-Chrome - All Scenarios-1] INFO  com.capstone.hooks.Hooks - ====== SCENARIO END: TS-API-02 - Create note via API and verify it appears in GET notes | Status: PASSED ======
]]></system-out>
  </testcase>
  <testcase name="runScenario[&quot;TS-API-05 - Delete a note via API and verify removal&quot;, &quot;API - Notes REST API Validation&quot;](4)" classname="com.capstone.runners.TestRunner" time="1.739">
    <system-out><![CDATA[
@api @api @TS-API-05
Scenario: TS-API-05 - Delete a note via API and verify removal                                                                               # src/test/resources/features/api/api_tests.feature:55
2026-05-27 14:45:20.228 [TestNG-test-Chrome - All Scenarios-1] INFO  com.capstone.hooks.Hooks - ====== SCENARIO START: TS-API-05 - Delete a note via API and verify removal ======
2026-05-27 14:45:20.228 [TestNG-test-Chrome - All Scenarios-1] INFO  com.capstone.hooks.Hooks - Tags: [@api, @api, @TS-API-05]
2026-05-27 14:45:20.229 [TestNG-test-Chrome - All Scenarios-1] INFO  com.capstone.hooks.Hooks - API-only execution matrix detected — skipping browser initialisation
2026-05-27 14:45:20.229 [TestNG-test-Chrome - All Scenarios-1] INFO  com.capstone.api.ApiClient - ApiClient initialised. Base URI: https://practice.expandtesting.com/notes/api
2026-05-27 14:45:20.229 [TestNG-test-Chrome - All Scenarios-1] INFO  com.capstone.stepdefs.ApiStepDefs - STEP: Given I authenticate via API and store token for subsequent steps
2026-05-27 14:45:20.230 [TestNG-test-Chrome - All Scenarios-1] INFO  com.capstone.api.ApiClient - API Login | email: raunakk@gmail.com
Request method:	POST
Request URI:	https://practice.expandtesting.com/notes/api/users/login
Proxy:			<none>
Request params:	<none>
Query params:	<none>
Form params:	<none>
Path params:	<none>
Headers:		Accept=application/json
				Content-Type=application/json
Cookies:		<none>
Multiparts:		<none>
Body:
{
    "password": "Raunakk",
    "email": "raunakk@gmail.com"
}
HTTP/1.1 200 OK
access-control-allow-origin: *
access-control-allow-credentials: true
access-control-allow-methods: GET, POST, PUT, DELETE, PATCH
access-control-allow-headers: Origin, X-Requested-With, Authorization, Content-Type, Accept, X-Auth-Token
content-type: application/json; charset=utf-8
content-encoding: gzip
etag: W/"da-dshiXA65druo1I3+K8OxNHm30+w"
set-cookie: express:sess=eyJmbGFzaCI6e319; path=/; httponly
set-cookie: express:sess.sig=tdt42nQZiQvICqmrvHQ1_16fHk0; path=/; httponly
date: Wed, 27 May 2026 09:14:35 GMT
connection: keep-alive
keep-alive: timeout=5
transfer-encoding: chunked

{
    "success": true,
    "status": 200,
    "message": "Login successful",
    "data": {
        "id": "6a158ad853916b0295cd3f2f",
        "name": "raunak",
        "email": "raunakk@gmail.com",
        "token": "e3e32df49a024935b32961e3581f610579b123b279b044b8a63303c208ff8cdd"
    }
}
2026-05-27 14:45:20.764 [TestNG-test-Chrome - All Scenarios-1] INFO  com.capstone.api.ApiClient - Login response status: 200 | time: 514ms
2026-05-27 14:45:20.779 [TestNG-test-Chrome - All Scenarios-1] INFO  com.capstone.api.ApiClient - Auth token extracted successfully (length: 64)
2026-05-27 14:45:20.779 [TestNG-test-Chrome - All Scenarios-1] INFO  com.capstone.utils.PerformanceTracker - PERF API | POST /users/login | 514ms (threshold: 2000ms) | ✅ PASS
2026-05-27 14:45:20.779 [TestNG-test-Chrome - All Scenarios-1] INFO  com.capstone.stepdefs.ApiStepDefs - Token stored successfully. Test can now proceed.
  Given I authenticate via API and store the token                                                                                           # com.capstone.stepdefs.ApiStepDefs.givenIAuthenticateViaApiAndStoreToken()
2026-05-27 14:45:20.781 [TestNG-test-Chrome - All Scenarios-1] INFO  com.capstone.stepdefs.ApiStepDefs - STEP: When I create a note via API | [Personal] Note For Deletion Test
2026-05-27 14:45:20.781 [TestNG-test-Chrome - All Scenarios-1] INFO  com.capstone.api.ApiClient - API POST /notes | category: Personal | title: Note For Deletion Test
Request method:	POST
Request URI:	https://practice.expandtesting.com/notes/api/notes
Proxy:			<none>
Request params:	<none>
Query params:	<none>
Form params:	<none>
Path params:	<none>
Headers:		Accept=application/json
				x-auth-token=e3e32df49a024935b32961e3581f610579b123b279b044b8a63303c208ff8cdd
				Content-Type=application/json
Cookies:		<none>
Multiparts:		<none>
Body:
{
    "description": "This note will be deleted via API",
    "category": "Personal",
    "title": "Note For Deletion Test"
}
HTTP/1.1 200 OK
access-control-allow-origin: *
access-control-allow-credentials: true
access-control-allow-methods: GET, POST, PUT, DELETE, PATCH
access-control-allow-headers: Origin, X-Requested-With, Authorization, Content-Type, Accept, X-Auth-Token
content-type: application/json; charset=utf-8
content-encoding: gzip
etag: W/"15c-iyA5Xy9y6xE7my5XhrD/D4fFWiI"
set-cookie: express:sess=eyJmbGFzaCI6e319; path=/; httponly
set-cookie: express:sess.sig=tdt42nQZiQvICqmrvHQ1_16fHk0; path=/; httponly
date: Wed, 27 May 2026 09:14:36 GMT
connection: keep-alive
keep-alive: timeout=5
transfer-encoding: chunked

{
    "success": true,
    "status": 200,
    "message": "Note successfully created",
    "data": {
        "id": "6a16b5fc53916b0295cdd044",
        "title": "Note For Deletion Test",
        "description": "This note will be deleted via API",
        "category": "Personal",
        "completed": false,
        "created_at": "2026-05-27T09:14:36.102Z",
        "updated_at": "2026-05-27T09:14:36.102Z",
        "user_id": "6a158ad853916b0295cd3f2f"
    }
}
2026-05-27 14:45:21.277 [TestNG-test-Chrome - All Scenarios-1] INFO  com.capstone.utils.PerformanceTracker - PERF API | POST /notes | 477ms (threshold: 2000ms) | ✅ PASS
2026-05-27 14:45:21.291 [TestNG-test-Chrome - All Scenarios-1] INFO  com.capstone.stepdefs.ApiStepDefs - Note created via API. ID: 6a16b5fc53916b0295cdd044
  When I create a note via API with category "Personal", title "Note For Deletion Test", and description "This note will be deleted via API" # com.capstone.stepdefs.ApiStepDefs.iCreateANoteViaApi(java.lang.String,java.lang.String,java.lang.String)
2026-05-27 14:45:21.292 [TestNG-test-Chrome - All Scenarios-1] INFO  com.capstone.stepdefs.ApiStepDefs - STEP: Then the API response status should be 200
  Then the API response status should be 200                                                                                                 # com.capstone.stepdefs.ApiStepDefs.theApiResponseStatusShouldBe(int)
2026-05-27 14:45:21.294 [TestNG-test-Chrome - All Scenarios-1] INFO  com.capstone.stepdefs.ApiStepDefs - STEP: When I delete the previously created API note
2026-05-27 14:45:21.294 [TestNG-test-Chrome - All Scenarios-1] INFO  com.capstone.api.ApiClient - API DELETE /notes/6a16b5fc53916b0295cdd044
Request method:	DELETE
Request URI:	https://practice.expandtesting.com/notes/api/notes/6a16b5fc53916b0295cdd044
Proxy:			<none>
Request params:	<none>
Query params:	<none>
Form params:	<none>
Path params:	<none>
Headers:		Accept=application/json
				x-auth-token=e3e32df49a024935b32961e3581f610579b123b279b044b8a63303c208ff8cdd
				Content-Type=application/json
Cookies:		<none>
Multiparts:		<none>
Body:			<none>
HTTP/1.1 200 OK
access-control-allow-origin: *
access-control-allow-credentials: true
access-control-allow-methods: GET, POST, PUT, DELETE, PATCH
access-control-allow-headers: Origin, X-Requested-With, Authorization, Content-Type, Accept, X-Auth-Token
content-type: application/json; charset=utf-8
content-encoding: gzip
etag: W/"43-NRjYUraIosLt+x2lOOhDKG8vqCU"
set-cookie: express:sess=eyJmbGFzaCI6e319; path=/; httponly
set-cookie: express:sess.sig=tdt42nQZiQvICqmrvHQ1_16fHk0; path=/; httponly
date: Wed, 27 May 2026 09:14:36 GMT
connection: keep-alive
keep-alive: timeout=5
transfer-encoding: chunked

{
    "success": true,
    "status": 200,
    "message": "Note successfully deleted"
}
2026-05-27 14:45:21.895 [TestNG-test-Chrome - All Scenarios-1] INFO  com.capstone.utils.PerformanceTracker - PERF API | DELETE /notes/6a16b5fc53916b0295cdd044 | 585ms (threshold: 2000ms) | ✅ PASS
  When I delete the previously created API note                                                                                              # com.capstone.stepdefs.ApiStepDefs.iDeleteThePreviouslyCreatedApiNote()
2026-05-27 14:45:21.897 [TestNG-test-Chrome - All Scenarios-1] INFO  com.capstone.stepdefs.ApiStepDefs - STEP: Then the API response status should be 200
  Then the API response status should be 200                                                                                                 # com.capstone.stepdefs.ApiStepDefs.theApiResponseStatusShouldBe(int)
2026-05-27 14:45:21.899 [TestNG-test-Chrome - All Scenarios-1] INFO  com.capstone.stepdefs.ApiStepDefs - STEP: Then the API response time should be within 4 second(s)
2026-05-27 14:45:21.899 [TestNG-test-Chrome - All Scenarios-1] INFO  com.capstone.utils.PerformanceTracker - PERF API | Response Time Check | 585ms (threshold: 2000ms) | ✅ PASS
2026-05-27 14:45:21.900 [TestNG-test-Chrome - All Scenarios-1] INFO  com.capstone.stepdefs.ApiStepDefs - Performance PASS: 585ms < 4000ms
  And the API response time should be within 4 seconds                                                                                       # com.capstone.stepdefs.ApiStepDefs.theApiResponseTimeShouldBeWithin(int)
2026-05-27 14:45:21.904 [TestNG-test-Chrome - All Scenarios-1] INFO  com.capstone.utils.PerformanceTracker - === PERFORMANCE SUMMARY ===
2026-05-27 14:45:21.904 [TestNG-test-Chrome - All Scenarios-1] INFO  com.capstone.utils.PerformanceTracker - API | POST /users/login | 514ms | PASS
2026-05-27 14:45:21.904 [TestNG-test-Chrome - All Scenarios-1] INFO  com.capstone.utils.PerformanceTracker - API | POST /notes | 477ms | PASS
2026-05-27 14:45:21.904 [TestNG-test-Chrome - All Scenarios-1] INFO  com.capstone.utils.PerformanceTracker - API | DELETE /notes/6a16b5fc53916b0295cdd044 | 585ms | PASS
2026-05-27 14:45:21.904 [TestNG-test-Chrome - All Scenarios-1] INFO  com.capstone.utils.PerformanceTracker - API | Response Time Check | 585ms | PASS
2026-05-27 14:45:21.904 [TestNG-test-Chrome - All Scenarios-1] INFO  com.capstone.utils.PerformanceTracker - ===========================
2026-05-27 14:45:21.904 [TestNG-test-Chrome - All Scenarios-1] INFO  com.capstone.hooks.Hooks - ====== SCENARIO END: TS-API-05 - Delete a note via API and verify removal | Status: PASSED ======
]]></system-out>
  </testcase>
  <testcase name="runScenario[&quot;TS-API-06 - All API endpoints respond within 4 seconds&quot;, &quot;API - Notes REST API Validation&quot;](5)" classname="com.capstone.runners.TestRunner" time="0.0">
    <skipped message="Performance failures: POST /users/login: 2189ms |  (threshold: 2000ms) expected [true] but found [false]"/>
    <system-out><![CDATA[
@api @api @performance @TS-API-06
Scenario: TS-API-06 - All API endpoints respond within 4 seconds # src/test/resources/features/api/api_tests.feature:68
2026-05-27 14:45:21.928 [TestNG-test-Chrome - All Scenarios-1] INFO  com.capstone.hooks.Hooks - ====== SCENARIO START: TS-API-06 - All API endpoints respond within 4 seconds ======
2026-05-27 14:45:21.928 [TestNG-test-Chrome - All Scenarios-1] INFO  com.capstone.hooks.Hooks - Tags: [@api, @api, @performance, @TS-API-06]
2026-05-27 14:45:21.929 [TestNG-test-Chrome - All Scenarios-1] INFO  com.capstone.hooks.Hooks - API-only execution matrix detected — skipping browser initialisation
2026-05-27 14:45:21.929 [TestNG-test-Chrome - All Scenarios-1] INFO  com.capstone.api.ApiClient - ApiClient initialised. Base URI: https://practice.expandtesting.com/notes/api
2026-05-27 14:45:21.929 [TestNG-test-Chrome - All Scenarios-1] INFO  com.capstone.stepdefs.ApiStepDefs - STEP: Given I authenticate via API and store token for subsequent steps
2026-05-27 14:45:21.930 [TestNG-test-Chrome - All Scenarios-1] INFO  com.capstone.api.ApiClient - API Login | email: raunakk@gmail.com
Request method:	POST
Request URI:	https://practice.expandtesting.com/notes/api/users/login
Proxy:			<none>
Request params:	<none>
Query params:	<none>
Form params:	<none>
Path params:	<none>
Headers:		Accept=application/json
				Content-Type=application/json
Cookies:		<none>
Multiparts:		<none>
Body:
{
    "password": "Raunakk",
    "email": "raunakk@gmail.com"
}
HTTP/1.1 200 OK
access-control-allow-origin: *
access-control-allow-credentials: true
access-control-allow-methods: GET, POST, PUT, DELETE, PATCH
access-control-allow-headers: Origin, X-Requested-With, Authorization, Content-Type, Accept, X-Auth-Token
content-type: application/json; charset=utf-8
content-encoding: gzip
etag: W/"da-dshiXA65druo1I3+K8OxNHm30+w"
set-cookie: express:sess=eyJmbGFzaCI6e319; path=/; httponly
set-cookie: express:sess.sig=tdt42nQZiQvICqmrvHQ1_16fHk0; path=/; httponly
date: Wed, 27 May 2026 09:14:37 GMT
connection: keep-alive
keep-alive: timeout=5
transfer-encoding: chunked

{
    "success": true,
    "status": 200,
    "message": "Login successful",
    "data": {
        "id": "6a158ad853916b0295cd3f2f",
        "name": "raunak",
        "email": "raunakk@gmail.com",
        "token": "e3e32df49a024935b32961e3581f610579b123b279b044b8a63303c208ff8cdd"
    }
}
2026-05-27 14:45:22.533 [TestNG-test-Chrome - All Scenarios-1] INFO  com.capstone.api.ApiClient - Login response status: 200 | time: 526ms
2026-05-27 14:45:22.545 [TestNG-test-Chrome - All Scenarios-1] INFO  com.capstone.api.ApiClient - Auth token extracted successfully (length: 64)
2026-05-27 14:45:22.545 [TestNG-test-Chrome - All Scenarios-1] INFO  com.capstone.utils.PerformanceTracker - PERF API | POST /users/login | 526ms (threshold: 2000ms) | ✅ PASS
2026-05-27 14:45:22.545 [TestNG-test-Chrome - All Scenarios-1] INFO  com.capstone.stepdefs.ApiStepDefs - Token stored successfully. Test can now proceed.
  Given I authenticate via API and store the token               # com.capstone.stepdefs.ApiStepDefs.givenIAuthenticateViaApiAndStoreToken()
2026-05-27 14:45:22.553 [TestNG-test-Chrome - All Scenarios-1] INFO  com.capstone.stepdefs.ApiStepDefs - STEP: Then all tested API endpoints should respond within 4 seconds
2026-05-27 14:45:22.553 [TestNG-test-Chrome - All Scenarios-1] INFO  com.capstone.api.ApiClient - API Login | email: raunakk@gmail.com
Request method:	POST
Request URI:	https://practice.expandtesting.com/notes/api/users/login
Proxy:			<none>
Request params:	<none>
Query params:	<none>
Form params:	<none>
Path params:	<none>
Headers:		Accept=application/json
				Content-Type=application/json
Cookies:		<none>
Multiparts:		<none>
Body:
{
    "password": "Raunakk",
    "email": "raunakk@gmail.com"
}
HTTP/1.1 200 OK
access-control-allow-origin: *
access-control-allow-credentials: true
access-control-allow-methods: GET, POST, PUT, DELETE, PATCH
access-control-allow-headers: Origin, X-Requested-With, Authorization, Content-Type, Accept, X-Auth-Token
content-type: application/json; charset=utf-8
content-encoding: gzip
etag: W/"da-dshiXA65druo1I3+K8OxNHm30+w"
set-cookie: express:sess=eyJmbGFzaCI6e319; path=/; httponly
set-cookie: express:sess.sig=tdt42nQZiQvICqmrvHQ1_16fHk0; path=/; httponly
date: Wed, 27 May 2026 09:14:38 GMT
connection: keep-alive
keep-alive: timeout=5
transfer-encoding: chunked

{
    "success": true,
    "status": 200,
    "message": "Login successful",
    "data": {
        "id": "6a158ad853916b0295cd3f2f",
        "name": "raunak",
        "email": "raunakk@gmail.com",
        "token": "e3e32df49a024935b32961e3581f610579b123b279b044b8a63303c208ff8cdd"
    }
}
2026-05-27 14:45:24.759 [TestNG-test-Chrome - All Scenarios-1] INFO  com.capstone.api.ApiClient - Login response status: 200 | time: 2189ms
2026-05-27 14:45:24.759 [TestNG-test-Chrome - All Scenarios-1] INFO  com.capstone.utils.PerformanceTracker - PERF API | POST /users/login | 2189ms (threshold: 2000ms) | ❌ FAIL
2026-05-27 14:45:24.759 [TestNG-test-Chrome - All Scenarios-1] INFO  com.capstone.api.ApiClient - API GET /notes
Request method:	GET
Request URI:	https://practice.expandtesting.com/notes/api/notes
Proxy:			<none>
Request params:	<none>
Query params:	<none>
Form params:	<none>
Path params:	<none>
Headers:		Accept=application/json
				x-auth-token=e3e32df49a024935b32961e3581f610579b123b279b044b8a63303c208ff8cdd
				Content-Type=application/json
Cookies:		<none>
Multiparts:		<none>
Body:			<none>
HTTP/1.1 200 OK
access-control-allow-origin: *
access-control-allow-credentials: true
access-control-allow-methods: GET, POST, PUT, DELETE, PATCH
access-control-allow-headers: Origin, X-Requested-With, Authorization, Content-Type, Accept, X-Auth-Token
content-type: application/json; charset=utf-8
content-encoding: gzip
etag: W/"48f-TyIjLfUJZX2VaLjihgJoAubwbTI"
set-cookie: express:sess=eyJmbGFzaCI6e319; path=/; httponly
set-cookie: express:sess.sig=tdt42nQZiQvICqmrvHQ1_16fHk0; path=/; httponly
date: Wed, 27 May 2026 09:14:40 GMT
connection: keep-alive
keep-alive: timeout=5
transfer-encoding: chunked

{
    "success": true,
    "status": 200,
    "message": "Notes successfully retrieved",
    "data": [
        {
            "id": "6a168d7953916b0295cdaa87",
            "title": "E2E Sync Test Note",
            "description": "Created in browser - must appear in API",
            "category": "Home",
            "completed": false,
            "created_at": "2026-05-27T06:21:45.586Z",
            "updated_at": "2026-05-27T06:21:45.586Z",
            "user_id": "6a158ad853916b0295cd3f2f"
        },
        {
            "id": "6a1684e553916b0295cda646",
            "title": "E2E Sync Test Note",
            "description": "Created in browser - must appear in API",
            "category": "Home",
            "completed": false,
            "created_at": "2026-05-27T05:45:09.072Z",
            "updated_at": "2026-05-27T05:45:09.072Z",
            "user_id": "6a158ad853916b0295cd3f2f"
        },
        {
            "id": "6a16827053916b0295cda37f",
            "title": "E2E Sync Test Note",
            "description": "Created in browser - must appear in API",
            "category": "Home",
            "completed": false,
            "created_at": "2026-05-27T05:34:40.749Z",
            "updated_at": "2026-05-27T05:34:40.749Z",
            "user_id": "6a158ad853916b0295cd3f2f"
        },
        {
            "id": "6a167ccf53916b0295cda017",
            "title": "E2E Sync Test Note",
            "description": "Created in browser - must appear in API",
            "category": "Home",
            "completed": false,
            "created_at": "2026-05-27T05:10:39.581Z",
            "updated_at": "2026-05-27T05:10:39.581Z",
            "user_id": "6a158ad853916b0295cd3f2f"
        }
    ]
}
2026-05-27 14:45:25.836 [TestNG-test-Chrome - All Scenarios-1] INFO  com.capstone.utils.PerformanceTracker - PERF API | GET /notes | 1061ms (threshold: 2000ms) | ✅ PASS
2026-05-27 14:45:25.836 [TestNG-test-Chrome - All Scenarios-1] INFO  com.capstone.api.ApiClient - API POST /notes | category: Home | title: Perf Test Note
Request method:	POST
Request URI:	https://practice.expandtesting.com/notes/api/notes
Proxy:			<none>
Request params:	<none>
Query params:	<none>
Form params:	<none>
Path params:	<none>
Headers:		Accept=application/json
				x-auth-token=e3e32df49a024935b32961e3581f610579b123b279b044b8a63303c208ff8cdd
				Content-Type=application/json
Cookies:		<none>
Multiparts:		<none>
Body:
{
    "description": "Performance test",
    "category": "Home",
    "title": "Perf Test Note"
}
HTTP/1.1 200 OK
access-control-allow-origin: *
access-control-allow-credentials: true
access-control-allow-methods: GET, POST, PUT, DELETE, PATCH
access-control-allow-headers: Origin, X-Requested-With, Authorization, Content-Type, Accept, X-Auth-Token
content-type: application/json; charset=utf-8
content-encoding: gzip
etag: W/"13f-f3plCzVr3s8ShjEOpEiOpMtK7aI"
set-cookie: express:sess=eyJmbGFzaCI6e319; path=/; httponly
set-cookie: express:sess.sig=tdt42nQZiQvICqmrvHQ1_16fHk0; path=/; httponly
date: Wed, 27 May 2026 09:14:41 GMT
connection: keep-alive
keep-alive: timeout=5
transfer-encoding: chunked

{
    "success": true,
    "status": 200,
    "message": "Note successfully created",
    "data": {
        "id": "6a16b60153916b0295cdd051",
        "title": "Perf Test Note",
        "description": "Performance test",
        "category": "Home",
        "completed": false,
        "created_at": "2026-05-27T09:14:41.174Z",
        "updated_at": "2026-05-27T09:14:41.174Z",
        "user_id": "6a158ad853916b0295cd3f2f"
    }
}
2026-05-27 14:45:26.416 [TestNG-test-Chrome - All Scenarios-1] INFO  com.capstone.utils.PerformanceTracker - PERF API | POST /notes | 545ms (threshold: 2000ms) | ✅ PASS
2026-05-27 14:45:26.416 [TestNG-test-Chrome - All Scenarios-1] INFO  com.capstone.api.ApiClient - API DELETE /notes/6a16b60153916b0295cdd051
Request method:	DELETE
Request URI:	https://practice.expandtesting.com/notes/api/notes/6a16b60153916b0295cdd051
Proxy:			<none>
Request params:	<none>
Query params:	<none>
Form params:	<none>
Path params:	<none>
Headers:		Accept=application/json
				x-auth-token=e3e32df49a024935b32961e3581f610579b123b279b044b8a63303c208ff8cdd
				Content-Type=application/json
Cookies:		<none>
Multiparts:		<none>
Body:			<none>
HTTP/1.1 200 OK
access-control-allow-origin: *
access-control-allow-credentials: true
access-control-allow-methods: GET, POST, PUT, DELETE, PATCH
access-control-allow-headers: Origin, X-Requested-With, Authorization, Content-Type, Accept, X-Auth-Token
content-type: application/json; charset=utf-8
content-encoding: gzip
etag: W/"43-NRjYUraIosLt+x2lOOhDKG8vqCU"
set-cookie: express:sess=eyJmbGFzaCI6e319; path=/; httponly
set-cookie: express:sess.sig=tdt42nQZiQvICqmrvHQ1_16fHk0; path=/; httponly
date: Wed, 27 May 2026 09:14:41 GMT
connection: keep-alive
keep-alive: timeout=5
transfer-encoding: chunked

{
    "success": true,
    "status": 200,
    "message": "Note successfully deleted"
}
  Then all tested API endpoints should respond within 4 seconds  # com.capstone.stepdefs.ApiStepDefs.allTestedApiEndpointsShouldRespondWithin2Seconds()
      java.lang.AssertionError: Performance failures: POST /users/login: 2189ms |  (threshold: 2000ms) expected [true] but found [false]
	at org.testng.Assert.fail(Assert.java:111)
	at org.testng.Assert.failNotEquals(Assert.java:1578)
	at org.testng.Assert.assertTrue(Assert.java:57)
	at com.capstone.stepdefs.ApiStepDefs.allTestedApiEndpointsShouldRespondWithin2Seconds(ApiStepDefs.java:465)
	at ✽.all tested API endpoints should respond within 4 seconds(file:///C:/Users/RAUNAK/Downloads/Sprint%203%20d/capstone_project/src/test/resources/features/api/api_tests.feature:70)

2026-05-27 14:45:27.047 [TestNG-test-Chrome - All Scenarios-1] ERROR com.capstone.hooks.Hooks - SCENARIO FAILED: TS-API-06 - All API endpoints respond within 4 seconds
2026-05-27 14:45:27.048 [TestNG-test-Chrome - All Scenarios-1] INFO  com.capstone.utils.PerformanceTracker - === PERFORMANCE SUMMARY ===
2026-05-27 14:45:27.050 [TestNG-test-Chrome - All Scenarios-1] INFO  com.capstone.utils.PerformanceTracker - API | POST /users/login | 526ms | PASS
2026-05-27 14:45:27.051 [TestNG-test-Chrome - All Scenarios-1] INFO  com.capstone.utils.PerformanceTracker - API | POST /users/login | 2189ms | FAIL
2026-05-27 14:45:27.052 [TestNG-test-Chrome - All Scenarios-1] INFO  com.capstone.utils.PerformanceTracker - API | GET /notes | 1061ms | PASS
2026-05-27 14:45:27.052 [TestNG-test-Chrome - All Scenarios-1] INFO  com.capstone.utils.PerformanceTracker - API | POST /notes | 545ms | PASS
2026-05-27 14:45:27.052 [TestNG-test-Chrome - All Scenarios-1] INFO  com.capstone.utils.PerformanceTracker - ===========================
2026-05-27 14:45:27.052 [TestNG-test-Chrome - All Scenarios-1] INFO  com.capstone.hooks.Hooks - ====== SCENARIO END: TS-API-06 - All API endpoints respond within 4 seconds | Status: FAILED ======
2026-05-27 14:45:27.059 [TestNG-test-Chrome - All Scenarios-1] WARN  com.capstone.utils.RetryAnalyzer - [AGENTIC RETRY] Test 'runScenario' failed on thread 'TestNG-test-Chrome - All Scenarios-1'. Attempting automated re-run (1 out of 2)...
]]></system-out>
  </testcase>
  <testcase name="runScenario[&quot;TS-API-06 - All API endpoints respond within 4 seconds&quot;, &quot;API - Notes REST API Validation&quot;](6)" classname="com.capstone.runners.TestRunner" time="3.937">
    <system-out><![CDATA[
@api @api @performance @TS-API-06
Scenario: TS-API-06 - All API endpoints respond within 4 seconds # src/test/resources/features/api/api_tests.feature:68
2026-05-27 14:45:27.071 [TestNG-test-Chrome - All Scenarios-1] INFO  com.capstone.hooks.Hooks - ====== SCENARIO START: TS-API-06 - All API endpoints respond within 4 seconds ======
2026-05-27 14:45:27.071 [TestNG-test-Chrome - All Scenarios-1] INFO  com.capstone.hooks.Hooks - Tags: [@api, @api, @performance, @TS-API-06]
2026-05-27 14:45:27.071 [TestNG-test-Chrome - All Scenarios-1] INFO  com.capstone.hooks.Hooks - API-only execution matrix detected — skipping browser initialisation
2026-05-27 14:45:27.072 [TestNG-test-Chrome - All Scenarios-1] INFO  com.capstone.api.ApiClient - ApiClient initialised. Base URI: https://practice.expandtesting.com/notes/api
2026-05-27 14:45:27.072 [TestNG-test-Chrome - All Scenarios-1] INFO  com.capstone.stepdefs.ApiStepDefs - STEP: Given I authenticate via API and store token for subsequent steps
2026-05-27 14:45:27.072 [TestNG-test-Chrome - All Scenarios-1] INFO  com.capstone.api.ApiClient - API Login | email: raunakk@gmail.com
Request method:	POST
Request URI:	https://practice.expandtesting.com/notes/api/users/login
Proxy:			<none>
Request params:	<none>
Query params:	<none>
Form params:	<none>
Path params:	<none>
Headers:		Accept=application/json
				Content-Type=application/json
Cookies:		<none>
Multiparts:		<none>
Body:
{
    "password": "Raunakk",
    "email": "raunakk@gmail.com"
}
HTTP/1.1 200 OK
access-control-allow-origin: *
access-control-allow-credentials: true
access-control-allow-methods: GET, POST, PUT, DELETE, PATCH
access-control-allow-headers: Origin, X-Requested-With, Authorization, Content-Type, Accept, X-Auth-Token
content-type: application/json; charset=utf-8
content-encoding: gzip
etag: W/"da-dshiXA65druo1I3+K8OxNHm30+w"
set-cookie: express:sess=eyJmbGFzaCI6e319; path=/; httponly
set-cookie: express:sess.sig=tdt42nQZiQvICqmrvHQ1_16fHk0; path=/; httponly
date: Wed, 27 May 2026 09:14:42 GMT
connection: keep-alive
keep-alive: timeout=5
transfer-encoding: chunked

{
    "success": true,
    "status": 200,
    "message": "Login successful",
    "data": {
        "id": "6a158ad853916b0295cd3f2f",
        "name": "raunak",
        "email": "raunakk@gmail.com",
        "token": "e3e32df49a024935b32961e3581f610579b123b279b044b8a63303c208ff8cdd"
    }
}
2026-05-27 14:45:27.626 [TestNG-test-Chrome - All Scenarios-1] INFO  com.capstone.api.ApiClient - Login response status: 200 | time: 540ms
2026-05-27 14:45:27.642 [TestNG-test-Chrome - All Scenarios-1] INFO  com.capstone.api.ApiClient - Auth token extracted successfully (length: 64)
2026-05-27 14:45:27.642 [TestNG-test-Chrome - All Scenarios-1] INFO  com.capstone.utils.PerformanceTracker - PERF API | POST /users/login | 540ms (threshold: 2000ms) | ✅ PASS
2026-05-27 14:45:27.642 [TestNG-test-Chrome - All Scenarios-1] INFO  com.capstone.stepdefs.ApiStepDefs - Token stored successfully. Test can now proceed.
  Given I authenticate via API and store the token               # com.capstone.stepdefs.ApiStepDefs.givenIAuthenticateViaApiAndStoreToken()
2026-05-27 14:45:27.644 [TestNG-test-Chrome - All Scenarios-1] INFO  com.capstone.stepdefs.ApiStepDefs - STEP: Then all tested API endpoints should respond within 4 seconds
2026-05-27 14:45:27.644 [TestNG-test-Chrome - All Scenarios-1] INFO  com.capstone.api.ApiClient - API Login | email: raunakk@gmail.com
Request method:	POST
Request URI:	https://practice.expandtesting.com/notes/api/users/login
Proxy:			<none>
Request params:	<none>
Query params:	<none>
Form params:	<none>
Path params:	<none>
Headers:		Accept=application/json
				Content-Type=application/json
Cookies:		<none>
Multiparts:		<none>
Body:
{
    "password": "Raunakk",
    "email": "raunakk@gmail.com"
}
HTTP/1.1 200 OK
access-control-allow-origin: *
access-control-allow-credentials: true
access-control-allow-methods: GET, POST, PUT, DELETE, PATCH
access-control-allow-headers: Origin, X-Requested-With, Authorization, Content-Type, Accept, X-Auth-Token
content-type: application/json; charset=utf-8
content-encoding: gzip
etag: W/"da-dshiXA65druo1I3+K8OxNHm30+w"
set-cookie: express:sess=eyJmbGFzaCI6e319; path=/; httponly
set-cookie: express:sess.sig=tdt42nQZiQvICqmrvHQ1_16fHk0; path=/; httponly
date: Wed, 27 May 2026 09:14:43 GMT
connection: keep-alive
keep-alive: timeout=5
transfer-encoding: chunked

{
    "success": true,
    "status": 200,
    "message": "Login successful",
    "data": {
        "id": "6a158ad853916b0295cd3f2f",
        "name": "raunak",
        "email": "raunakk@gmail.com",
        "token": "e3e32df49a024935b32961e3581f610579b123b279b044b8a63303c208ff8cdd"
    }
}
2026-05-27 14:45:28.182 [TestNG-test-Chrome - All Scenarios-1] INFO  com.capstone.api.ApiClient - Login response status: 200 | time: 520ms
2026-05-27 14:45:28.182 [TestNG-test-Chrome - All Scenarios-1] INFO  com.capstone.utils.PerformanceTracker - PERF API | POST /users/login | 520ms (threshold: 2000ms) | ✅ PASS
2026-05-27 14:45:28.183 [TestNG-test-Chrome - All Scenarios-1] INFO  com.capstone.api.ApiClient - API GET /notes
Request method:	GET
Request URI:	https://practice.expandtesting.com/notes/api/notes
Proxy:			<none>
Request params:	<none>
Query params:	<none>
Form params:	<none>
Path params:	<none>
Headers:		Accept=application/json
				x-auth-token=e3e32df49a024935b32961e3581f610579b123b279b044b8a63303c208ff8cdd
				Content-Type=application/json
Cookies:		<none>
Multiparts:		<none>
Body:			<none>
HTTP/1.1 200 OK
access-control-allow-origin: *
access-control-allow-credentials: true
access-control-allow-methods: GET, POST, PUT, DELETE, PATCH
access-control-allow-headers: Origin, X-Requested-With, Authorization, Content-Type, Accept, X-Auth-Token
content-type: application/json; charset=utf-8
content-encoding: gzip
etag: W/"48f-TyIjLfUJZX2VaLjihgJoAubwbTI"
set-cookie: express:sess=eyJmbGFzaCI6e319; path=/; httponly
set-cookie: express:sess.sig=tdt42nQZiQvICqmrvHQ1_16fHk0; path=/; httponly
date: Wed, 27 May 2026 09:14:44 GMT
connection: keep-alive
keep-alive: timeout=5
transfer-encoding: chunked

{
    "success": true,
    "status": 200,
    "message": "Notes successfully retrieved",
    "data": [
        {
            "id": "6a168d7953916b0295cdaa87",
            "title": "E2E Sync Test Note",
            "description": "Created in browser - must appear in API",
            "category": "Home",
            "completed": false,
            "created_at": "2026-05-27T06:21:45.586Z",
            "updated_at": "2026-05-27T06:21:45.586Z",
            "user_id": "6a158ad853916b0295cd3f2f"
        },
        {
            "id": "6a1684e553916b0295cda646",
            "title": "E2E Sync Test Note",
            "description": "Created in browser - must appear in API",
            "category": "Home",
            "completed": false,
            "created_at": "2026-05-27T05:45:09.072Z",
            "updated_at": "2026-05-27T05:45:09.072Z",
            "user_id": "6a158ad853916b0295cd3f2f"
        },
        {
            "id": "6a16827053916b0295cda37f",
            "title": "E2E Sync Test Note",
            "description": "Created in browser - must appear in API",
            "category": "Home",
            "completed": false,
            "created_at": "2026-05-27T05:34:40.749Z",
            "updated_at": "2026-05-27T05:34:40.749Z",
            "user_id": "6a158ad853916b0295cd3f2f"
        },
        {
            "id": "6a167ccf53916b0295cda017",
            "title": "E2E Sync Test Note",
            "description": "Created in browser - must appear in API",
            "category": "Home",
            "completed": false,
            "created_at": "2026-05-27T05:10:39.581Z",
            "updated_at": "2026-05-27T05:10:39.581Z",
            "user_id": "6a158ad853916b0295cd3f2f"
        }
    ]
}
2026-05-27 14:45:29.853 [TestNG-test-Chrome - All Scenarios-1] INFO  com.capstone.utils.PerformanceTracker - PERF API | GET /notes | 1653ms (threshold: 2000ms) | ✅ PASS
2026-05-27 14:45:29.854 [TestNG-test-Chrome - All Scenarios-1] INFO  com.capstone.api.ApiClient - API POST /notes | category: Home | title: Perf Test Note
Request method:	POST
Request URI:	https://practice.expandtesting.com/notes/api/notes
Proxy:			<none>
Request params:	<none>
Query params:	<none>
Form params:	<none>
Path params:	<none>
Headers:		Accept=application/json
				x-auth-token=e3e32df49a024935b32961e3581f610579b123b279b044b8a63303c208ff8cdd
				Content-Type=application/json
Cookies:		<none>
Multiparts:		<none>
Body:
{
    "description": "Performance test",
    "category": "Home",
    "title": "Perf Test Note"
}
HTTP/1.1 200 OK
access-control-allow-origin: *
access-control-allow-credentials: true
access-control-allow-methods: GET, POST, PUT, DELETE, PATCH
access-control-allow-headers: Origin, X-Requested-With, Authorization, Content-Type, Accept, X-Auth-Token
content-type: application/json; charset=utf-8
content-encoding: gzip
etag: W/"13f-zyiH6tiimh6tRTiKr7fXKFK9SdQ"
set-cookie: express:sess=eyJmbGFzaCI6e319; path=/; httponly
set-cookie: express:sess.sig=tdt42nQZiQvICqmrvHQ1_16fHk0; path=/; httponly
date: Wed, 27 May 2026 09:14:45 GMT
connection: keep-alive
keep-alive: timeout=5
transfer-encoding: chunked

{
    "success": true,
    "status": 200,
    "message": "Note successfully created",
    "data": {
        "id": "6a16b60553916b0295cdd060",
        "title": "Perf Test Note",
        "description": "Performance test",
        "category": "Home",
        "completed": false,
        "created_at": "2026-05-27T09:14:45.193Z",
        "updated_at": "2026-05-27T09:14:45.193Z",
        "user_id": "6a158ad853916b0295cd3f2f"
    }
}
2026-05-27 14:45:30.371 [TestNG-test-Chrome - All Scenarios-1] INFO  com.capstone.utils.PerformanceTracker - PERF API | POST /notes | 493ms (threshold: 2000ms) | ✅ PASS
2026-05-27 14:45:30.371 [TestNG-test-Chrome - All Scenarios-1] INFO  com.capstone.api.ApiClient - API DELETE /notes/6a16b60553916b0295cdd060
Request method:	DELETE
Request URI:	https://practice.expandtesting.com/notes/api/notes/6a16b60553916b0295cdd060
Proxy:			<none>
Request params:	<none>
Query params:	<none>
Form params:	<none>
Path params:	<none>
Headers:		Accept=application/json
				x-auth-token=e3e32df49a024935b32961e3581f610579b123b279b044b8a63303c208ff8cdd
				Content-Type=application/json
Cookies:		<none>
Multiparts:		<none>
Body:			<none>
HTTP/1.1 200 OK
access-control-allow-origin: *
access-control-allow-credentials: true
access-control-allow-methods: GET, POST, PUT, DELETE, PATCH
access-control-allow-headers: Origin, X-Requested-With, Authorization, Content-Type, Accept, X-Auth-Token
content-type: application/json; charset=utf-8
content-encoding: gzip
etag: W/"43-NRjYUraIosLt+x2lOOhDKG8vqCU"
set-cookie: express:sess=eyJmbGFzaCI6e319; path=/; httponly
set-cookie: express:sess.sig=tdt42nQZiQvICqmrvHQ1_16fHk0; path=/; httponly
date: Wed, 27 May 2026 09:14:45 GMT
connection: keep-alive
keep-alive: timeout=5
transfer-encoding: chunked

{
    "success": true,
    "status": 200,
    "message": "Note successfully deleted"
}
2026-05-27 14:45:30.959 [TestNG-test-Chrome - All Scenarios-1] INFO  com.capstone.stepdefs.ApiStepDefs - All API endpoints responded within 2000ms
  Then all tested API endpoints should respond within 4 seconds  # com.capstone.stepdefs.ApiStepDefs.allTestedApiEndpointsShouldRespondWithin2Seconds()
2026-05-27 14:45:30.962 [TestNG-test-Chrome - All Scenarios-1] INFO  com.capstone.utils.PerformanceTracker - === PERFORMANCE SUMMARY ===
2026-05-27 14:45:30.962 [TestNG-test-Chrome - All Scenarios-1] INFO  com.capstone.utils.PerformanceTracker - API | POST /users/login | 540ms | PASS
2026-05-27 14:45:30.962 [TestNG-test-Chrome - All Scenarios-1] INFO  com.capstone.utils.PerformanceTracker - API | POST /users/login | 520ms | PASS
2026-05-27 14:45:30.962 [TestNG-test-Chrome - All Scenarios-1] INFO  com.capstone.utils.PerformanceTracker - API | GET /notes | 1653ms | PASS
2026-05-27 14:45:30.962 [TestNG-test-Chrome - All Scenarios-1] INFO  com.capstone.utils.PerformanceTracker - API | POST /notes | 493ms | PASS
2026-05-27 14:45:30.962 [TestNG-test-Chrome - All Scenarios-1] INFO  com.capstone.utils.PerformanceTracker - ===========================
2026-05-27 14:45:30.962 [TestNG-test-Chrome - All Scenarios-1] INFO  com.capstone.hooks.Hooks - ====== SCENARIO END: TS-API-06 - All API endpoints respond within 4 seconds | Status: PASSED ======
]]></system-out>
  </testcase>
  <testcase name="runScenario[&quot;TS-API-03b - GET notes with different auth scenarios&quot;, &quot;API - Notes REST API Validation&quot;](7)" classname="com.capstone.runners.TestRunner" time="1.415">
    <system-out><![CDATA[
@api @api @TS-API-03
Scenario Outline: TS-API-03b - GET notes with different auth scenarios # src/test/resources/features/api/api_tests.feature:83
2026-05-27 14:45:30.981 [TestNG-test-Chrome - All Scenarios-1] INFO  com.capstone.hooks.Hooks - ====== SCENARIO START: TS-API-03b - GET notes with different auth scenarios ======
2026-05-27 14:45:30.981 [TestNG-test-Chrome - All Scenarios-1] INFO  com.capstone.hooks.Hooks - Tags: [@api, @api, @TS-API-03]
2026-05-27 14:45:30.981 [TestNG-test-Chrome - All Scenarios-1] INFO  com.capstone.hooks.Hooks - API-only execution matrix detected — skipping browser initialisation
2026-05-27 14:45:30.985 [TestNG-test-Chrome - All Scenarios-1] INFO  com.capstone.api.ApiClient - ApiClient initialised. Base URI: https://practice.expandtesting.com/notes/api
2026-05-27 14:45:30.985 [TestNG-test-Chrome - All Scenarios-1] INFO  com.capstone.stepdefs.ApiStepDefs - STEP: Given I authenticate via API and store token for subsequent steps
2026-05-27 14:45:30.985 [TestNG-test-Chrome - All Scenarios-1] INFO  com.capstone.api.ApiClient - API Login | email: raunakk@gmail.com
Request method:	POST
Request URI:	https://practice.expandtesting.com/notes/api/users/login
Proxy:			<none>
Request params:	<none>
Query params:	<none>
Form params:	<none>
Path params:	<none>
Headers:		Accept=application/json
				Content-Type=application/json
Cookies:		<none>
Multiparts:		<none>
Body:
{
    "password": "Raunakk",
    "email": "raunakk@gmail.com"
}
HTTP/1.1 200 OK
access-control-allow-origin: *
access-control-allow-credentials: true
access-control-allow-methods: GET, POST, PUT, DELETE, PATCH
access-control-allow-headers: Origin, X-Requested-With, Authorization, Content-Type, Accept, X-Auth-Token
content-type: application/json; charset=utf-8
content-encoding: gzip
etag: W/"da-dshiXA65druo1I3+K8OxNHm30+w"
set-cookie: express:sess=eyJmbGFzaCI6e319; path=/; httponly
set-cookie: express:sess.sig=tdt42nQZiQvICqmrvHQ1_16fHk0; path=/; httponly
date: Wed, 27 May 2026 09:14:46 GMT
connection: keep-alive
keep-alive: timeout=5
transfer-encoding: chunked

{
    "success": true,
    "status": 200,
    "message": "Login successful",
    "data": {
        "id": "6a158ad853916b0295cd3f2f",
        "name": "raunak",
        "email": "raunakk@gmail.com",
        "token": "e3e32df49a024935b32961e3581f610579b123b279b044b8a63303c208ff8cdd"
    }
}
2026-05-27 14:45:31.721 [TestNG-test-Chrome - All Scenarios-1] INFO  com.capstone.api.ApiClient - Login response status: 200 | time: 723ms
2026-05-27 14:45:31.742 [TestNG-test-Chrome - All Scenarios-1] INFO  com.capstone.api.ApiClient - Auth token extracted successfully (length: 64)
2026-05-27 14:45:31.742 [TestNG-test-Chrome - All Scenarios-1] INFO  com.capstone.utils.PerformanceTracker - PERF API | POST /users/login | 723ms (threshold: 2000ms) | ✅ PASS
2026-05-27 14:45:31.742 [TestNG-test-Chrome - All Scenarios-1] INFO  com.capstone.stepdefs.ApiStepDefs - Token stored successfully. Test can now proceed.
  Given I authenticate via API and store the token                     # com.capstone.stepdefs.ApiStepDefs.givenIAuthenticateViaApiAndStoreToken()
2026-05-27 14:45:31.743 [TestNG-test-Chrome - All Scenarios-1] INFO  com.capstone.stepdefs.ApiStepDefs - STEP: When I call GET /notes with the auth token
2026-05-27 14:45:31.743 [TestNG-test-Chrome - All Scenarios-1] INFO  com.capstone.api.ApiClient - API GET /notes
Request method:	GET
Request URI:	https://practice.expandtesting.com/notes/api/notes
Proxy:			<none>
Request params:	<none>
Query params:	<none>
Form params:	<none>
Path params:	<none>
Headers:		Accept=application/json
				x-auth-token=e3e32df49a024935b32961e3581f610579b123b279b044b8a63303c208ff8cdd
				Content-Type=application/json
Cookies:		<none>
Multiparts:		<none>
Body:			<none>
HTTP/1.1 200 OK
access-control-allow-origin: *
access-control-allow-credentials: true
access-control-allow-methods: GET, POST, PUT, DELETE, PATCH
access-control-allow-headers: Origin, X-Requested-With, Authorization, Content-Type, Accept, X-Auth-Token
content-type: application/json; charset=utf-8
content-encoding: gzip
etag: W/"48f-TyIjLfUJZX2VaLjihgJoAubwbTI"
set-cookie: express:sess=eyJmbGFzaCI6e319; path=/; httponly
set-cookie: express:sess.sig=tdt42nQZiQvICqmrvHQ1_16fHk0; path=/; httponly
date: Wed, 27 May 2026 09:14:47 GMT
connection: keep-alive
keep-alive: timeout=5
transfer-encoding: chunked

{
    "success": true,
    "status": 200,
    "message": "Notes successfully retrieved",
    "data": [
        {
            "id": "6a168d7953916b0295cdaa87",
            "title": "E2E Sync Test Note",
            "description": "Created in browser - must appear in API",
            "category": "Home",
            "completed": false,
            "created_at": "2026-05-27T06:21:45.586Z",
            "updated_at": "2026-05-27T06:21:45.586Z",
            "user_id": "6a158ad853916b0295cd3f2f"
        },
        {
            "id": "6a1684e553916b0295cda646",
            "title": "E2E Sync Test Note",
            "description": "Created in browser - must appear in API",
            "category": "Home",
            "completed": false,
            "created_at": "2026-05-27T05:45:09.072Z",
            "updated_at": "2026-05-27T05:45:09.072Z",
            "user_id": "6a158ad853916b0295cd3f2f"
        },
        {
            "id": "6a16827053916b0295cda37f",
            "title": "E2E Sync Test Note",
            "description": "Created in browser - must appear in API",
            "category": "Home",
            "completed": false,
            "created_at": "2026-05-27T05:34:40.749Z",
            "updated_at": "2026-05-27T05:34:40.749Z",
            "user_id": "6a158ad853916b0295cd3f2f"
        },
        {
            "id": "6a167ccf53916b0295cda017",
            "title": "E2E Sync Test Note",
            "description": "Created in browser - must appear in API",
            "category": "Home",
            "completed": false,
            "created_at": "2026-05-27T05:10:39.581Z",
            "updated_at": "2026-05-27T05:10:39.581Z",
            "user_id": "6a158ad853916b0295cd3f2f"
        }
    ]
}
2026-05-27 14:45:32.340 [TestNG-test-Chrome - All Scenarios-1] INFO  com.capstone.utils.PerformanceTracker - PERF API | GET /notes | 580ms (threshold: 2000ms) | ✅ PASS
2026-05-27 14:45:32.341 [TestNG-test-Chrome - All Scenarios-1] INFO  com.capstone.stepdefs.ApiStepDefs - GET /notes response: 200 | time: 580ms
  When I call GET /notes with the auth token                           # com.capstone.stepdefs.ApiStepDefs.iCallGetNotesWithToken()
2026-05-27 14:45:32.342 [TestNG-test-Chrome - All Scenarios-1] INFO  com.capstone.stepdefs.ApiStepDefs - STEP: Then the API response status should be 200
  Then the GET /notes response should be 200                           # com.capstone.stepdefs.ApiStepDefs.theGetNotesResponseShouldBe(int)
2026-05-27 14:45:32.345 [TestNG-test-Chrome - All Scenarios-1] INFO  com.capstone.utils.PerformanceTracker - === PERFORMANCE SUMMARY ===
2026-05-27 14:45:32.345 [TestNG-test-Chrome - All Scenarios-1] INFO  com.capstone.utils.PerformanceTracker - API | POST /users/login | 723ms | PASS
2026-05-27 14:45:32.345 [TestNG-test-Chrome - All Scenarios-1] INFO  com.capstone.utils.PerformanceTracker - API | GET /notes | 580ms | PASS
2026-05-27 14:45:32.345 [TestNG-test-Chrome - All Scenarios-1] INFO  com.capstone.utils.PerformanceTracker - ===========================
2026-05-27 14:45:32.349 [TestNG-test-Chrome - All Scenarios-1] INFO  com.capstone.hooks.Hooks - ====== SCENARIO END: TS-API-03b - GET notes with different auth scenarios | Status: PASSED ======
]]></system-out>
  </testcase>
  <testcase name="runScenario[&quot;TS-API-03b - GET notes with different auth scenarios&quot;, &quot;API - Notes REST API Validation&quot;](8)" classname="com.capstone.runners.TestRunner" time="1.382">
    <system-out><![CDATA[
@api @api @TS-API-03
Scenario Outline: TS-API-03b - GET notes with different auth scenarios # src/test/resources/features/api/api_tests.feature:84
2026-05-27 14:45:32.368 [TestNG-test-Chrome - All Scenarios-1] INFO  com.capstone.hooks.Hooks - ====== SCENARIO START: TS-API-03b - GET notes with different auth scenarios ======
2026-05-27 14:45:32.369 [TestNG-test-Chrome - All Scenarios-1] INFO  com.capstone.hooks.Hooks - Tags: [@api, @api, @TS-API-03]
[...]
2026-05-27 14:49:36.975 [TestNG-test-Chrome - All Scenarios-1] INFO  com.capstone.pages.LoginPage - Navigating to login page: https://practice.expandtesting.com/notes/app/login
2026-05-27 14:49:36.975 [TestNG-test-Chrome - All Scenarios-1] INFO  com.capstone.pages.BasePage - Navigating to: https://practice.expandtesting.com/notes/app/login
2026-05-27 14:49:38.256 [TestNG-test-Chrome - All Scenarios-1] INFO  com.capstone.pages.LoginPage - Entering email: raunakk@gmail.com
2026-05-27 14:49:38.302 [TestNG-test-Chrome - All Scenarios-1] DEBUG com.capstone.utils.SelfHealingLocator - Locator found: By.cssSelector: input[data-testid='login-email']
2026-05-27 14:49:38.549 [TestNG-test-Chrome - All Scenarios-1] DEBUG com.capstone.utils.SelfHealingLocator - Locator found: By.cssSelector: input[data-testid='login-email']
2026-05-27 14:49:38.687 [TestNG-test-Chrome - All Scenarios-1] INFO  com.capstone.pages.LoginPage - Entering password: ***
2026-05-27 14:49:38.710 [TestNG-test-Chrome - All Scenarios-1] DEBUG com.capstone.utils.SelfHealingLocator - Locator found: By.cssSelector: input[data-testid='login-password']
2026-05-27 14:49:38.756 [TestNG-test-Chrome - All Scenarios-1] DEBUG com.capstone.utils.SelfHealingLocator - Locator found: By.cssSelector: input[data-testid='login-password']
2026-05-27 14:49:38.865 [TestNG-test-Chrome - All Scenarios-1] INFO  com.capstone.pages.LoginPage - Clicking login button
2026-05-27 14:49:38.890 [TestNG-test-Chrome - All Scenarios-1] DEBUG com.capstone.utils.SelfHealingLocator - Locator found: By.cssSelector: button[data-testid='login-submit']
2026-05-27 14:49:39.965 [TestNG-test-Chrome - All Scenarios-1] WARN  com.capstone.pages.LoginPage - Standard login click intercepted by an overlay/ad banner. Executing JavaScript click fallback. Error: element click intercepted: Element is not clickable at point (722, 794)
  (Session info: chrome=148.0.7778.179)
Build info: version: '4.18.1', revision: 'b1d3319b48'
System info: os.name: 'Windows 11', os.arch: 'amd64', os.version: '10.0', java.version: '22.0.1'
Driver info: org.openqa.selenium.chrome.ChromeDriver
Command: [8d6fc423dfd339b6f13cadacd779015d, clickElement {id=f.D17643E748F06DD81EBD591FA9E619E2.d.81234716FC0082509CDC0638600FA4D5.e.20}]
Capabilities {acceptInsecureCerts: false, browserName: chrome, browserVersion: 148.0.7778.179, chrome: {chromedriverVersion: 148.0.7778.178 (d096af1c9e9..., userDataDir: C:\Users\RAUNAK\AppData\Loc...}, fedcm:accounts: true, goog:chromeOptions: {debuggerAddress: localhost:57233}, goog:processID: 13332, networkConnectionEnabled: false, pageLoadStrategy: eager, platformName: windows, proxy: Proxy(), se:cdp: ws://localhost:57233/devtoo..., se:cdpVersion: 148.0.7778.179, setWindowRect: true, strictFileInteractability: false, timeouts: {implicit: 0, pageLoad: 300000, script: 30000}, unhandledPromptBehavior: dismiss and notify, webauthn:extension:credBlob: true, webauthn:extension:largeBlob: true, webauthn:extension:minPinLength: true, webauthn:extension:prf: true, webauthn:virtualAuthenticators: true}
Element: [[ChromeDriver: chrome on windows (8d6fc423dfd339b6f13cadacd779015d)] -> css selector: button[data-testid='login-submit']]
Session ID: 8d6fc423dfd339b6f13cadacd779015d
2026-05-27 14:49:39.985 [TestNG-test-Chrome - All Scenarios-1] INFO  com.capstone.pages.LoginPage - Waiting for redirect to notes dashboard...
2026-05-27 14:49:40.000 [TestNG-test-Chrome - All Scenarios-1] INFO  com.capstone.pages.LoginPage - Login successful. Current URL: https://practice.expandtesting.com/notes/app/login
2026-05-27 14:49:40.000 [TestNG-test-Chrome - All Scenarios-1] DEBUG com.capstone.pages.BasePage - BasePage initialised with driver: ChromeDriver
2026-05-27 14:49:40.426 [TestNG-test-Chrome - All Scenarios-1] INFO  com.capstone.stepdefs.NotesStepDefs - Successfully logged in and dashboard loaded
  Given the user is logged in to the notes dashboard                                                                                            # com.capstone.stepdefs.NotesStepDefs.theUserIsLoggedInToNotesDashboard()

    Embedding step-screenshot [image/png 90659 bytes]

2026-05-27 14:49:40.556 [TestNG-test-Chrome - All Scenarios-1] INFO  com.capstone.stepdefs.NotesStepDefs - STEP: When the user creates a note | Category: Home | Title: My First Test Note
2026-05-27 14:49:40.557 [TestNG-test-Chrome - All Scenarios-1] INFO  com.capstone.pages.NotesPage - Clicking Add Note button
2026-05-27 14:49:40.680 [TestNG-test-Chrome - All Scenarios-1] DEBUG com.capstone.utils.SelfHealingLocator - Locator found: By.cssSelector: [data-testid='add-new-note']
2026-05-27 14:49:40.780 [TestNG-test-Chrome - All Scenarios-1] INFO  com.capstone.pages.NotesPage - Selecting category: Home
2026-05-27 14:49:40.810 [TestNG-test-Chrome - All Scenarios-1] DEBUG com.capstone.pages.BasePage - Selecting 'Home' from dropdown: By.cssSelector: select[data-testid='note-category']
2026-05-27 14:49:40.810 [TestNG-test-Chrome - All Scenarios-1] DEBUG com.capstone.pages.BasePage - Waiting for element: By.cssSelector: select[data-testid='note-category']
2026-05-27 14:49:40.907 [TestNG-test-Chrome - All Scenarios-1] INFO  com.capstone.pages.NotesPage - Entering note title: My First Test Note
2026-05-27 14:49:40.936 [TestNG-test-Chrome - All Scenarios-1] DEBUG com.capstone.utils.SelfHealingLocator - Locator found: By.cssSelector: input[data-testid='note-title']
2026-05-27 14:49:41.081 [TestNG-test-Chrome - All Scenarios-1] INFO  com.capstone.pages.NotesPage - Entering note description
2026-05-27 14:49:41.106 [TestNG-test-Chrome - All Scenarios-1] DEBUG com.capstone.utils.SelfHealingLocator - Locator found: By.cssSelector: textarea[data-testid='note-description']
2026-05-27 14:49:41.297 [TestNG-test-Chrome - All Scenarios-1] INFO  com.capstone.pages.NotesPage - Submitting note form
2026-05-27 14:49:41.329 [TestNG-test-Chrome - All Scenarios-1] DEBUG com.capstone.utils.SelfHealingLocator - Locator found: By.cssSelector: button[data-testid='note-submit']
2026-05-27 14:49:44.663 [TestNG-test-Chrome - All Scenarios-1] INFO  com.capstone.stepdefs.NotesStepDefs - Note creation submitted and dashboard refreshed. Stored in ScenarioContext: title='My First Test Note'
  When the user creates a note with category "Home", title "My First Test Note", and description "This note was created by Selenium automation" # com.capstone.stepdefs.NotesStepDefs.theUserCreatesANote(java.lang.String,java.lang.String,java.lang.String)

    Embedding step-screenshot [image/png 76182 bytes]

2026-05-27 14:49:44.922 [TestNG-test-Chrome - All Scenarios-1] INFO  com.capstone.stepdefs.NotesStepDefs - STEP: Then the note 'My First Test Note' should appear in the notes list
  Then the note with title "My First Test Note" should appear in the notes list                                                                 # com.capstone.stepdefs.NotesStepDefs.theNoteShouldAppearInList(java.lang.String)

    Embedding step-screenshot [image/png 190978 bytes]

2026-05-27 14:49:49.233 [TestNG-test-Chrome - All Scenarios-1] INFO  com.capstone.stepdefs.NotesStepDefs - STEP: Then the dashboard page load time should be within limits
2026-05-27 14:49:49.233 [TestNG-test-Chrome - All Scenarios-1] INFO  com.capstone.stepdefs.NotesStepDefs - Performance validation metrics pass successfully.
  And the dashboard page load time should be within limits                                                                                      # com.capstone.stepdefs.NotesStepDefs.dashboardPageLoadTimeShouldBeWithinLimits()

    Embedding step-screenshot [image/png 193355 bytes]

2026-05-27 14:49:49.395 [TestNG-test-Chrome - All Scenarios-1] INFO  com.capstone.hooks.Hooks - Executing post-scenario UI data cleanup hook for: TS-UI-03 - Create a note and verify it appears in the list
2026-05-27 14:49:49.396 [TestNG-test-Chrome - All Scenarios-1] DEBUG com.capstone.pages.BasePage - BasePage initialised with driver: ChromeDriver
2026-05-27 14:49:49.424 [TestNG-test-Chrome - All Scenarios-1] INFO  com.capstone.pages.NotesPage - Starting automated dashboard purge sequence...
2026-05-27 14:49:59.487 [TestNG-test-Chrome - All Scenarios-1] INFO  com.capstone.pages.NotesPage - Purge sequence complete. Dashboard is completely clean.
2026-05-27 14:49:59.773 [TestNG-test-Chrome - All Scenarios-1] INFO  com.capstone.drivers.DriverManager - Driver quit successfully for thread: TestNG-test-Chrome - All Scenarios-1
2026-05-27 14:49:59.774 [TestNG-test-Chrome - All Scenarios-1] INFO  com.capstone.hooks.Hooks - Browser driver detached successfully from execution context thread.
2026-05-27 14:49:59.774 [TestNG-test-Chrome - All Scenarios-1] INFO  com.capstone.hooks.Hooks - ====== SCENARIO END: TS-UI-03 - Create a note and verify it appears in the list | Status: PASSED ======
]]></system-out>
    <system-err><![CDATA[May 27, 2026 2:49:36 PM org.openqa.selenium.devtools.CdpVersionFinder findNearestMatch
WARNING: Unable to find CDP implementation matching 148
May 27, 2026 2:49:36 PM org.openqa.selenium.chromium.ChromiumDriver lambda$new$5
WARNING: Unable to find version of CDP to use for 148.0.7778.179. You may need to include a dependency on a specific version of the CDP using something similar to `org.seleniumhq.selenium:selenium-devtools-v86:4.18.1` where the version ("v86") matches the version of the chromium-based browser you're using and the version number of the artifact is the same as Selenium's.
]]></system-err>
  </testcase>
  <testcase name="runScenario[&quot;TS-UI-07 - Delete a note and verify it is removed from the list&quot;, &quot;UI - Notes CRUD Operations&quot;](24)" classname="com.capstone.runners.TestRunner" time="32.448">
    <system-out><![CDATA[
@ui @ui @TS-UI-07
Scenario: TS-UI-07 - Delete a note and verify it is removed from the list                                                    # src/test/resources/features/ui/notes.feature:28
2026-05-27 14:49:59.784 [TestNG-test-Chrome - All Scenarios-1] INFO  com.capstone.hooks.Hooks - ====== SCENARIO START: TS-UI-07 - Delete a note and verify it is removed from the list ======
2026-05-27 14:49:59.784 [TestNG-test-Chrome - All Scenarios-1] INFO  com.capstone.hooks.Hooks - Tags: [@ui, @ui, @TS-UI-07]
2026-05-27 14:49:59.784 [TestNG-test-Chrome - All Scenarios-1] INFO  com.capstone.hooks.Hooks - Initialising browser: chrome | headless: false
2026-05-27 14:49:59.784 [TestNG-test-Chrome - All Scenarios-1] INFO  com.capstone.drivers.DriverManager - Initialising chrome driver | headless=false | thread=TestNG-test-Chrome - All Scenarios-1
2026-05-27 14:50:00.570 [TestNG-test-Chrome - All Scenarios-1] INFO  com.capstone.drivers.DriverManager - Driver initialised successfully with EAGER execution strategy: ChromeDriver
2026-05-27 14:50:00.571 [TestNG-test-Chrome - All Scenarios-1] INFO  com.capstone.stepdefs.NotesStepDefs - STEP: Given the user is logged in to the notes dashboard
2026-05-27 14:50:00.572 [TestNG-test-Chrome - All Scenarios-1] DEBUG com.capstone.pages.BasePage - BasePage initialised with driver: ChromeDriver
2026-05-27 14:50:00.572 [TestNG-test-Chrome - All Scenarios-1] INFO  com.capstone.pages.LoginPage - Navigating to login page: https://practice.expandtesting.com/notes/app/login
2026-05-27 14:50:00.572 [TestNG-test-Chrome - All Scenarios-1] INFO  com.capstone.pages.BasePage - Navigating to: https://practice.expandtesting.com/notes/app/login
2026-05-27 14:50:01.139 [TestNG-test-Chrome - All Scenarios-1] INFO  com.capstone.pages.LoginPage - Entering email: raunakk@gmail.com
2026-05-27 14:50:02.260 [TestNG-test-Chrome - All Scenarios-1] DEBUG com.capstone.utils.SelfHealingLocator - Locator found: By.cssSelector: input[data-testid='login-email']
2026-05-27 14:50:02.365 [TestNG-test-Chrome - All Scenarios-1] DEBUG com.capstone.utils.SelfHealingLocator - Locator found: By.cssSelector: input[data-testid='login-email']
2026-05-27 14:50:02.491 [TestNG-test-Chrome - All Scenarios-1] INFO  com.capstone.pages.LoginPage - Entering password: ***
2026-05-27 14:50:02.579 [TestNG-test-Chrome - All Scenarios-1] DEBUG com.capstone.utils.SelfHealingLocator - Locator found: By.cssSelector: input[data-testid='login-password']
2026-05-27 14:50:02.626 [TestNG-test-Chrome - All Scenarios-1] DEBUG com.capstone.utils.SelfHealingLocator - Locator found: By.cssSelector: input[data-testid='login-password']
2026-05-27 14:50:02.710 [TestNG-test-Chrome - All Scenarios-1] INFO  com.capstone.pages.LoginPage - Clicking login button
2026-05-27 14:50:02.744 [TestNG-test-Chrome - All Scenarios-1] DEBUG com.capstone.utils.SelfHealingLocator - Locator found: By.cssSelector: button[data-testid='login-submit']
2026-05-27 14:50:02.848 [TestNG-test-Chrome - All Scenarios-1] INFO  com.capstone.pages.LoginPage - Waiting for redirect to notes dashboard...
2026-05-27 14:50:02.863 [TestNG-test-Chrome - All Scenarios-1] INFO  com.capstone.pages.LoginPage - Login successful. Current URL: https://practice.expandtesting.com/notes/app/login
2026-05-27 14:50:02.863 [TestNG-test-Chrome - All Scenarios-1] DEBUG com.capstone.pages.BasePage - BasePage initialised with driver: ChromeDriver
2026-05-27 14:50:03.268 [TestNG-test-Chrome - All Scenarios-1] INFO  com.capstone.stepdefs.NotesStepDefs - Successfully logged in and dashboard loaded
  Given the user is logged in to the notes dashboard                                                                         # com.capstone.stepdefs.NotesStepDefs.theUserIsLoggedInToNotesDashboard()

    Embedding step-screenshot [image/png 95594 bytes]

2026-05-27 14:50:03.560 [TestNG-test-Chrome - All Scenarios-1] INFO  com.capstone.stepdefs.NotesStepDefs - STEP: When the user creates a note | Category: Work | Title: Note To Be Deleted
2026-05-27 14:50:03.560 [TestNG-test-Chrome - All Scenarios-1] INFO  com.capstone.pages.NotesPage - Clicking Add Note button
2026-05-27 14:50:03.607 [TestNG-test-Chrome - All Scenarios-1] DEBUG com.capstone.utils.SelfHealingLocator - Locator found: By.cssSelector: [data-testid='add-new-note']
2026-05-27 14:50:03.767 [TestNG-test-Chrome - All Scenarios-1] INFO  com.capstone.pages.NotesPage - Selecting category: Work
2026-05-27 14:50:03.799 [TestNG-test-Chrome - All Scenarios-1] DEBUG com.capstone.pages.BasePage - Selecting 'Work' from dropdown: By.cssSelector: select[data-testid='note-category']
2026-05-27 14:50:03.801 [TestNG-test-Chrome - All Scenarios-1] DEBUG com.capstone.pages.BasePage - Waiting for element: By.cssSelector: select[data-testid='note-category']
2026-05-27 14:50:03.913 [TestNG-test-Chrome - All Scenarios-1] INFO  com.capstone.pages.NotesPage - Entering note title: Note To Be Deleted
2026-05-27 14:50:03.975 [TestNG-test-Chrome - All Scenarios-1] DEBUG com.capstone.utils.SelfHealingLocator - Locator found: By.cssSelector: input[data-testid='note-title']
2026-05-27 14:50:04.155 [TestNG-test-Chrome - All Scenarios-1] INFO  com.capstone.pages.NotesPage - Entering note description
2026-05-27 14:50:04.197 [TestNG-test-Chrome - All Scenarios-1] DEBUG com.capstone.utils.SelfHealingLocator - Locator found: By.cssSelector: textarea[data-testid='note-description']
2026-05-27 14:50:04.348 [TestNG-test-Chrome - All Scenarios-1] INFO  com.capstone.pages.NotesPage - Submitting note form
2026-05-27 14:50:04.391 [TestNG-test-Chrome - All Scenarios-1] DEBUG com.capstone.utils.SelfHealingLocator - Locator found: By.cssSelector: button[data-testid='note-submit']
2026-05-27 14:50:08.331 [TestNG-test-Chrome - All Scenarios-1] INFO  com.capstone.stepdefs.NotesStepDefs - Note creation submitted and dashboard refreshed. Stored in ScenarioContext: title='Note To Be Deleted'
  When the user creates a note with category "Work", title "Note To Be Deleted", and description "This note will be deleted" # com.capstone.stepdefs.NotesStepDefs.theUserCreatesANote(java.lang.String,java.lang.String,java.lang.String)

    Embedding step-screenshot [image/png 100941 bytes]

2026-05-27 14:50:08.493 [TestNG-test-Chrome - All Scenarios-1] INFO  com.capstone.stepdefs.NotesStepDefs - STEP: Then the note 'Note To Be Deleted' should appear in the notes list
  And the note with title "Note To Be Deleted" should appear in the notes list                                               # com.capstone.stepdefs.NotesStepDefs.theNoteShouldAppearInList(java.lang.String)

    Embedding step-screenshot [image/png 112897 bytes]

2026-05-27 14:50:13.308 [TestNG-test-Chrome - All Scenarios-1] INFO  com.capstone.stepdefs.NotesStepDefs - STEP: When the user deletes the note titled 'Note To Be Deleted'
2026-05-27 14:50:13.310 [TestNG-test-Chrome - All Scenarios-1] INFO  com.capstone.pages.NotesPage - Attempting to delete note titled: Note To Be Deleted
2026-05-27 14:50:13.356 [TestNG-test-Chrome - All Scenarios-1] INFO  com.capstone.pages.NotesPage - Target note card element verified on screen layout grid.
2026-05-27 14:50:14.106 [TestNG-test-Chrome - All Scenarios-1] INFO  com.capstone.pages.NotesPage - Fired deletion tracking trigger.
2026-05-27 14:50:14.252 [TestNG-test-Chrome - All Scenarios-1] INFO  com.capstone.pages.NotesPage - Fired system delete confirmation submission.
2026-05-27 14:50:14.850 [TestNG-test-Chrome - All Scenarios-1] INFO  com.capstone.pages.NotesPage - FR-07 Integration Success: Note card completely detached from browser viewport layout engine.
  When the user deletes the note titled "Note To Be Deleted"                                                                 # com.capstone.stepdefs.NotesStepDefs.theUserDeletesTheNoteWithTitle(java.lang.String)

    Embedding step-screenshot [image/png 67624 bytes]

2026-05-27 14:50:17.729 [TestNG-test-Chrome - All Scenarios-1] INFO  com.capstone.stepdefs.NotesStepDefs - STEP: Then the note 'Note To Be Deleted' should NOT appear in the notes list
  Then the note with title "Note To Be Deleted" should NOT appear in the notes list                                          # com.capstone.stepdefs.NotesStepDefs.theNoteShouldNotAppearInList(java.lang.String)

    Embedding step-screenshot [image/png 223154 bytes]

2026-05-27 14:50:21.340 [TestNG-test-Chrome - All Scenarios-1] INFO  com.capstone.hooks.Hooks - Executing post-scenario UI data cleanup hook for: TS-UI-07 - Delete a note and verify it is removed from the list
2026-05-27 14:50:21.340 [TestNG-test-Chrome - All Scenarios-1] DEBUG com.capstone.pages.BasePage - BasePage initialised with driver: ChromeDriver
2026-05-27 14:50:21.797 [TestNG-test-Chrome - All Scenarios-1] INFO  com.capstone.pages.NotesPage - Starting automated dashboard purge sequence...
2026-05-27 14:50:31.872 [TestNG-test-Chrome - All Scenarios-1] INFO  com.capstone.pages.NotesPage - Purge sequence complete. Dashboard is completely clean.
2026-05-27 14:50:32.222 [TestNG-test-Chrome - All Scenarios-1] INFO  com.capstone.drivers.DriverManager - Driver quit successfully for thread: TestNG-test-Chrome - All Scenarios-1
2026-05-27 14:50:32.224 [TestNG-test-Chrome - All Scenarios-1] INFO  com.capstone.hooks.Hooks - Browser driver detached successfully from execution context thread.
2026-05-27 14:50:32.224 [TestNG-test-Chrome - All Scenarios-1] INFO  com.capstone.hooks.Hooks - ====== SCENARIO END: TS-UI-07 - Delete a note and verify it is removed from the list | Status: PASSED ======
]]></system-out>
    <system-err><![CDATA[May 27, 2026 2:50:00 PM org.openqa.selenium.devtools.CdpVersionFinder findNearestMatch
WARNING: Unable to find CDP implementation matching 148
May 27, 2026 2:50:00 PM org.openqa.selenium.chromium.ChromiumDriver lambda$new$5
WARNING: Unable to find version of CDP to use for 148.0.7778.179. You may need to include a dependency on a specific version of the CDP using something similar to `org.seleniumhq.selenium:selenium-devtools-v86:4.18.1` where the version ("v86") matches the version of the chromium-based browser you're using and the version number of the artifact is the same as Selenium's.
]]></system-err>
  </testcase>
</testsuite>