<?xml version="1.0" encoding="UTF-8"?>
<!-- Generated by org.testng.reporters.JUnitReportReporter -->
<testsuite hostname="LAPTOP-RG7EN4UC" failures="0" tests="24" name="com.capstone.runners.TestRunner" time="324.904" errors="0" timestamp="2026-05-27T14:50:32 IST" skipped="2">
  <testcase classname="com.capstone.runners.TestRunner" name="runScenario" time="1.730"/>
  <testcase classname="com.capstone.runners.TestRunner" name="runScenario" time="0.609"/>
  <testcase classname="com.capstone.runners.TestRunner" name="runScenario" time="23.589"/>
  <testcase classname="com.capstone.runners.TestRunner" name="runScenario" time="5.148">
    <skipped/>
  </testcase> <!-- runScenario -->
  <testcase classname="com.capstone.runners.TestRunner" name="runScenario" time="1.678"/>
  <testcase classname="com.capstone.runners.TestRunner" name="runScenario" time="1.908"/>
  <testcase classname="com.capstone.runners.TestRunner" name="runScenario" time="24.359"/>
  <testcase classname="com.capstone.runners.TestRunner" name="runScenario" time="24.055"/>
  <testcase classname="com.capstone.runners.TestRunner" name="runScenario" time="24.873"/>
  <testcase classname="com.capstone.runners.TestRunner" name="runScenario" time="15.498"/>
  <testcase classname="com.capstone.runners.TestRunner" name="runScenario" time="4.989"/>
  <testcase classname="com.capstone.runners.TestRunner" name="runScenario" time="29.868"/>
  <testcase classname="com.capstone.runners.TestRunner" name="runScenario" time="32.448"/>
  <testcase classname="com.capstone.runners.TestRunner" name="runScenario" time="1.137"/>
  <testcase classname="com.capstone.runners.TestRunner" name="runScenario" time="26.431"/>
  <testcase classname="com.capstone.runners.TestRunner" name="runScenario" time="21.266"/>
  <testcase classname="com.capstone.runners.TestRunner" name="runScenario" time="2.958"/>
  <testcase classname="com.capstone.runners.TestRunner" name="runScenario" time="3.906"/>
  <testcase classname="com.capstone.runners.TestRunner" name="runScenario" time="6.767"/>
  <testcase classname="com.capstone.runners.TestRunner" name="runScenario" time="0.604"/>
  <testcase classname="com.capstone.runners.TestRunner" name="runScenario" time="32.931">
    <skipped/>
  </testcase> <!-- runScenario -->
  <testcase classname="com.capstone.runners.TestRunner" name="runScenario" time="35.339"/>
  <testcase classname="com.capstone.runners.TestRunner" name="runScenario" time="1.430"/>
  <testcase classname="com.capstone.runners.TestRunner" name="runScenario" time="1.383"/>
</testsuite> <!-- com.capstone.runners.TestRunner -->
